Log file open, 04/22/20 12:37:52
LogWindows: Failed to load 'aqProf.dll' (GetLastError=126)
LogWindows: File 'aqProf.dll' does not exist
LogWindows: Failed to load 'VSPerf140.dll' (GetLastError=126)
LogWindows: File 'VSPerf140.dll' does not exist
LogWindows: Failed to load 'VtuneApi.dll' (GetLastError=126)
LogWindows: File 'VtuneApi.dll' does not exist
LogWindows: Failed to load 'VtuneApi32e.dll' (GetLastError=126)
LogWindows: File 'VtuneApi32e.dll' does not exist
LogInit: Display: Running engine for game: BPJuliaKonarczak
LogPlatformFile: Not using cached read wrapper
LogTaskGraph: Started task graph with 5 named threads and 11 total threads with 3 sets of task threads.
LogStats: Stats thread started at 0.248198
LogD3D11RHI: Loaded GFSDK_Aftermath_Lib.x64.dll
LogICUInternationalization: Display: ICU TimeZone Detection - Raw Offset: +1:00, Platform Override: ''
LogPluginManager: Mounting plugin Paper2D
LogPluginManager: Mounting plugin AISupport
LogPluginManager: Mounting plugin LightPropagationVolume
LogPluginManager: Mounting plugin CLionSourceCodeAccess
LogPluginManager: Mounting plugin CodeLiteSourceCodeAccess
LogPluginManager: Mounting plugin GitSourceControl
LogPluginManager: Mounting plugin KDevelopSourceCodeAccess
LogPluginManager: Mounting plugin NullSourceCodeAccess
LogPluginManager: Mounting plugin PerforceSourceControl
LogPluginManager: Mounting plugin SubversionSourceControl
LogPluginManager: Mounting plugin UObjectPlugin
LogPluginManager: Mounting plugin VisualStudioCodeSourceCodeAccess
LogPluginManager: Mounting plugin VisualStudioSourceCodeAccess
LogPluginManager: Mounting plugin XCodeSourceCodeAccess
LogPluginManager: Mounting plugin AssetManagerEditor
LogPluginManager: Mounting plugin CryptoKeys
LogPluginManager: Mounting plugin DataValidation
LogPluginManager: Mounting plugin FacialAnimation
LogPluginManager: Mounting plugin GameplayTagsEditor
LogPluginManager: Mounting plugin MacGraphicsSwitching
LogPluginManager: Mounting plugin MeshEditor
LogPluginManager: Mounting plugin MobileLauncherProfileWizard
LogPluginManager: Mounting plugin PluginBrowser
LogPluginManager: Mounting plugin SpeedTreeImporter
LogPluginManager: Mounting plugin DatasmithContent
LogPluginManager: Mounting plugin AlembicImporter
LogPluginManager: Mounting plugin AppleImageUtils
LogPluginManager: Mounting plugin AppleVision
LogPluginManager: Mounting plugin BackChannel
LogPluginManager: Mounting plugin CharacterAI
LogPluginManager: Mounting plugin GeometryCache
LogPluginManager: Mounting plugin HTML5Networking
LogPluginManager: Mounting plugin ProxyLODPlugin
LogPluginManager: Mounting plugin MagicLeap
LogPluginManager: Mounting plugin MagicLeapEmulator
LogPluginManager: Mounting plugin MagicLeapMedia
LogPluginManager: Mounting plugin AndroidMedia
LogPluginManager: Mounting plugin AvfMedia
LogPluginManager: Mounting plugin ImgMedia
LogPluginManager: Mounting plugin LinearTimecode
LogPluginManager: Mounting plugin MediaCompositing
LogPluginManager: Mounting plugin MediaPlayerEditor
LogPluginManager: Mounting plugin WmfMedia
LogPluginManager: Mounting plugin TcpMessaging
LogPluginManager: Mounting plugin UdpMessaging
LogPluginManager: Mounting plugin ActorSequence
LogPluginManager: Mounting plugin LevelSequenceEditor
LogPluginManager: Mounting plugin MatineeToLevelSequence
LogPluginManager: Mounting plugin NetcodeUnitTest
LogPluginManager: Mounting plugin NUTUnrealEngine4
LogPluginManager: Mounting plugin OnlineSubsystemGooglePlay
LogPluginManager: Mounting plugin OnlineSubsystemIOS
LogPluginManager: Mounting plugin OnlineSubsystem
LogPluginManager: Mounting plugin OnlineSubsystemNull
LogPluginManager: Mounting plugin OnlineSubsystemUtils
LogPluginManager: Mounting plugin LauncherChunkInstaller
LogPluginManager: Mounting plugin AndroidDeviceProfileSelector
LogPluginManager: Mounting plugin AndroidMoviePlayer
LogPluginManager: Mounting plugin AndroidPermission
LogPluginManager: Mounting plugin AppleMoviePlayer
LogPluginManager: Mounting plugin ArchVisCharacter
LogPluginManager: Mounting plugin AudioCapture
LogPluginManager: Mounting plugin CableComponent
LogPluginManager: Mounting plugin CustomMeshComponent
LogPluginManager: Mounting plugin EditableMesh
LogPluginManager: Mounting plugin ExampleDeviceProfileSelector
LogPluginManager: Mounting plugin GoogleCloudMessaging
LogPluginManager: Mounting plugin ImmediatePhysics
LogPluginManager: Mounting plugin IOSDeviceProfileSelector
LogPluginManager: Mounting plugin LinuxDeviceProfileSelector
LogPluginManager: Mounting plugin LocationServicesBPLibrary
LogPluginManager: Mounting plugin MobilePatchingUtils
LogPluginManager: Mounting plugin OculusVR
LogPluginManager: Plugin shader directory ../../../Engine/Plugins/Runtime/Oculus/OculusVR/Shaders found
LogPluginManager: Mapping shader source directory ../../../Engine/Plugins/Runtime/Oculus/OculusVR/Shaders to virtual directory /Plugin/OculusVR
LogPluginManager: Mounting plugin PhysXVehicles
LogPluginManager: Mounting plugin ProceduralMeshComponent
LogPluginManager: Mounting plugin RuntimePhysXCooking
LogPluginManager: Mounting plugin SteamVR
LogPluginManager: Mounting plugin WindowsMoviePlayer
LogStreaming: Display: Took  0.611s to configure plugins.
LogInit: Using libcurl 7.55.1-DEV
LogInit:  - built for x86_64-pc-win32
LogInit:  - supports SSL with OpenSSL/1.0.2h
LogInit:  - supports HTTP deflate (compression) using libz 1.2.8
LogInit:  - other features:
LogInit:      CURL_VERSION_SSL
LogInit:      CURL_VERSION_LIBZ
LogInit:      CURL_VERSION_IPV6
LogInit:      CURL_VERSION_ASYNCHDNS
LogInit:      CURL_VERSION_LARGEFILE
LogInit:      CURL_VERSION_IDN
LogInit:  CurlRequestOptions (configurable via config and command line):
LogInit:  - bVerifyPeer = false  - Libcurl will NOT verify peer certificate
LogInit:  - bUseHttpProxy = false  - Libcurl will NOT use HTTP proxy
LogInit:  - bDontReuseConnections = false  - Libcurl will reuse connections
LogInit:  - CertBundlePath = nullptr  - Libcurl will use whatever was configured at build time.
LogInit:  - MaxHostConnections = 16  - Libcurl will limit the number of connections to a host
LogInit:  - LocalHostAddr = Default
LogInit:  - BufferSize = 65536
LogInit: WinSock: version 1.1 (2.2), MaxSocks=32767, MaxUdp=65467
LogInit: Build: ++UE4+Release-4.20-CL-4369336
LogInit: Engine Version: 4.20.3-4369336+++UE4+Release-4.20
LogInit: Compatible Engine Version: 4.20.0-4212847+++UE4+Release-4.20
LogInit: Net CL: 4212847
LogInit: OS: Windows 10 (), CPU: Intel(R) Core(TM) i5-4200M CPU @ 2.50GHz, GPU: Intel(R) HD Graphics 4600
LogInit: Compiled (64-bit): Sep 17 2018 12:26:19
LogInit: Compiled with Visual C++: 19.13.26129.00
LogInit: Build Configuration: Development
LogInit: Branch Name: ++UE4+Release-4.20
LogInit: Command Line: 
LogInit: Base Directory: C:/Program Files/Epic Games/UE_4.20/Engine/Binaries/Win64/
LogInit: Installed Engine Build: 1
LogDevObjectVersion: Number of dev versions registered: 20
LogDevObjectVersion:   Dev-Blueprints (B0D832E4-1F89-4F0D-ACCF-7EB736FD4AA2): 10
LogDevObjectVersion:   Dev-Build (E1C64328-A22C-4D53-A36C-8E866417BD8C): 0
LogDevObjectVersion:   Dev-Core (375EC13C-06E4-48FB-B500-84F0262A717E): 2
LogDevObjectVersion:   Dev-Editor (E4B068ED-F494-42E9-A231-DA0B2E46BB41): 24
LogDevObjectVersion:   Dev-Framework (CFFC743F-43B0-4480-9391-14DF171D2073): 34
LogDevObjectVersion:   Dev-Mobile (B02B49B5-BB20-44E9-A304-32B752E40360): 2
LogDevObjectVersion:   Dev-Networking (A4E4105C-59A1-49B5-A7C5-40C4547EDFEE): 0
LogDevObjectVersion:   Dev-Online (39C831C9-5AE6-47DC-9A44-9C173E1C8E7C): 0
LogDevObjectVersion:   Dev-Physics (78F01B33-EBEA-4F98-B9B4-84EACCB95AA2): 0
LogDevObjectVersion:   Dev-Platform (6631380F-2D4D-43E0-8009-CF276956A95A): 0
LogDevObjectVersion:   Dev-Rendering (12F88B9F-8875-4AFC-A67C-D90C383ABD29): 26
LogDevObjectVersion:   Dev-Sequencer (7B5AE74C-D270-4C10-A958-57980B212A5A): 9
LogDevObjectVersion:   Dev-VR (D7296918-1DD6-4BDD-9DE2-64A83CC13884): 2
LogDevObjectVersion:   Dev-LoadTimes (C2A15278-BFE7-4AFE-6C17-90FF531DF755): 1
LogDevObjectVersion:   Private-Geometry (6EACA3D4-40EC-4CC1-B786-8BED09428FC5): 3
LogDevObjectVersion:   Dev-AnimPhys (29E575DD-E0A3-4627-9D10-D276232CDCEA): 17
LogDevObjectVersion:   Dev-ReflectionCapture (6B266CEC-1EC7-4B8F-A30B-E4D90942FC07): 1
LogDevObjectVersion:   Dev-Automation (0DF73D61-A23F-47EA-B727-89E90C41499A): 1
LogDevObjectVersion:   FortniteMain (601D1886-AC64-4F84-AA16-D3DE0DEAC7D6): 12
LogDevObjectVersion:   Dev-Enterprise (9DFFBCD6-494F-0158-E221-12823C92A888): 1
LogStreaming: Display: Took  0.002s to delete old logs.
LogInit: Presizing for max 8388607 objects, including 0 objects not considered by GC, pre-allocating 0 bytes for permanent pool.
LogInit: Object subsystem initialized
[2020.04.22-10.37.53:157][  0]LogInit: Selected Device Profile: [Windows]
[2020.04.22-10.37.53:157][  0]LogInit: Applying CVar settings loaded from the selected device profile: [Windows]
[2020.04.22-10.37.53:193][  0]LogHAL: Display: Platform has ~ 8 GB [8501403648 / 8589934592 / 8], which maps to Default [LargestMinGB=32, LargerMinGB=12, DefaultMinGB=8, SmallerMinGB=6, SmallestMinGB=0)
[2020.04.22-10.37.53:193][  0]LogInit: Setting Device Profile CVar: [[r.Vulkan.UseRealUBs:1]]
[2020.04.22-10.37.53:193][  0]LogInit: Going up to parent DeviceProfile []
[2020.04.22-10.37.53:194][  0]LogInit: Computer: DESKTOP-BLCTDO3
[2020.04.22-10.37.53:194][  0]LogInit: User: Admin
[2020.04.22-10.37.53:194][  0]LogInit: CPU Page size=4096, Cores=2
[2020.04.22-10.37.53:194][  0]LogInit: High frequency timer resolution =10.000000 MHz
[2020.04.22-10.37.53:195][  0]LogMemory: Memory total: Physical=7.9GB (8GB approx)
[2020.04.22-10.37.53:195][  0]LogMemory: Platform Memory Stats for Windows
[2020.04.22-10.37.53:195][  0]LogMemory: Process Physical Memory: 100.77 MB used, 100.77 MB peak
[2020.04.22-10.37.53:195][  0]LogMemory: Process Virtual Memory: 83.97 MB used, 83.97 MB peak
[2020.04.22-10.37.53:195][  0]LogMemory: Physical Memory: 5433.32 MB used,  2674.25 MB free, 8107.57 MB total
[2020.04.22-10.37.53:195][  0]LogMemory: Virtual Memory: 4590.33 MB used,  2674.25 MB free, 134217728.00 MB total
[2020.04.22-10.37.53:234][  0]LogInit: Using OS detected language (pl-PL).
[2020.04.22-10.37.53:234][  0]LogInit: Using OS detected locale (pl-PL).
[2020.04.22-10.37.53:238][  0]LogTextLocalizationManager: No specific localization for 'pl-PL' exists, so the 'pl' localization will be used.
[2020.04.22-10.37.53:244][  0]LogStreaming: Display: Took  0.010s to InitEngineTextLocalization.
[2020.04.22-10.37.53:244][  0]LogInit: Setting process to per monitor DPI aware
[2020.04.22-10.37.53:329][  0]LogSlate: New Slate User Created.  User Index 0, Is Virtual User: 0
[2020.04.22-10.37.53:329][  0]LogSlate: Slate User Registered.  User Index 0, Is Virtual User: 0
[2020.04.22-10.37.54:009][  0]LogHMD: Failed to initialize OpenVR with code 110
[2020.04.22-10.37.54:009][  0]LogD3D11RHI: D3D11 adapters:
[2020.04.22-10.37.54:056][  0]LogD3D11RHI:    0. 'Intel(R) HD Graphics 4600' (Feature Level 11_0)
[2020.04.22-10.37.54:056][  0]LogD3D11RHI:       112/0/2048 MB DedicatedVideo/DedicatedSystem/SharedSystem, Outputs:1, VendorId:0x8086
[2020.04.22-10.37.54:061][  0]LogD3D11RHI:    1. 'Microsoft Basic Render Driver' (Feature Level 11_0)
[2020.04.22-10.37.54:061][  0]LogD3D11RHI:       0/0/4053 MB DedicatedVideo/DedicatedSystem/SharedSystem, Outputs:0, VendorId:0x1414
[2020.04.22-10.37.54:061][  0]LogD3D11RHI: Chosen D3D11 Adapter: 0
[2020.04.22-10.37.54:071][  0]LogD3D11RHI: Creating new Direct3DDevice
[2020.04.22-10.37.54:071][  0]LogD3D11RHI:     GPU DeviceId: 0x416 (for the marketing name, search the web for "GPU Device Id")
[2020.04.22-10.37.54:071][  0]LogWindows: EnumDisplayDevices:
[2020.04.22-10.37.54:071][  0]LogWindows:    0. 'Intel(R) HD Graphics 4600' (P:1 D:1)
[2020.04.22-10.37.54:072][  0]LogWindows:    1. 'Intel(R) HD Graphics 4600' (P:0 D:0)
[2020.04.22-10.37.54:073][  0]LogWindows:    2. 'Intel(R) HD Graphics 4600' (P:0 D:0)
[2020.04.22-10.37.54:074][  0]LogWindows: DebugString: FoundDriverCount:3 
[2020.04.22-10.37.54:074][  0]LogD3D11RHI:     Adapter Name: Intel(R) HD Graphics 4600
[2020.04.22-10.37.54:074][  0]LogD3D11RHI:   Driver Version: 20.19.15.4531 (internal:20.19.15.4531, unified:20.19.15.4531)
[2020.04.22-10.37.54:074][  0]LogD3D11RHI:      Driver Date: 9-29-2016
[2020.04.22-10.37.54:074][  0]LogRHI: Texture pool is 795 MB (70% of 1136 MB)
[2020.04.22-10.37.54:085][  0]LogD3D11RHI: Async texture creation enabled
[2020.04.22-10.37.54:095][  0]LogD3D11RHI: GPU Timing Frequency: 12.500000 (Debug: 2 0)
[2020.04.22-10.37.54:097][  0]LogShaderCompilers: Guid format shader working directory is -32 characters bigger than the processId version (../../../../../../Users/Admin/Desktop/programowanie zadanie 1/BPJuliaKonarczak/Intermediate/Shaders/WorkingDirectory/9116/).
[2020.04.22-10.37.54:098][  0]LogShaderCompilers: Cleaned the shader compiler working directory 'C:/Users/Admin/AppData/Local/Temp/UnrealShaderWorkingDir/1C918B8B4217FD958A84669677C257CA/'.
[2020.04.22-10.37.54:904][  0]LogTemp: Display: Loaded TP AllDesktopTargetPlatform
[2020.04.22-10.37.54:934][  0]LogTemp: Display: Loaded TP MacClientTargetPlatform
[2020.04.22-10.37.54:964][  0]LogTemp: Display: Loaded TP MacNoEditorTargetPlatform
[2020.04.22-10.37.54:995][  0]LogTemp: Display: Loaded TP MacServerTargetPlatform
[2020.04.22-10.37.55:028][  0]LogTemp: Display: Loaded TP MacTargetPlatform
[2020.04.22-10.37.55:062][  0]LogTemp: Display: Loaded TP WindowsClientTargetPlatform
[2020.04.22-10.37.55:096][  0]LogTemp: Display: Loaded TP WindowsNoEditorTargetPlatform
[2020.04.22-10.37.55:128][  0]LogTemp: Display: Loaded TP WindowsServerTargetPlatform
[2020.04.22-10.37.55:145][  0]LogTemp: Display: Loaded TP WindowsTargetPlatform
[2020.04.22-10.37.55:306][  0]LogTemp: Display: Loaded TP AndroidTargetPlatform
[2020.04.22-10.37.55:306][  0]LogTemp: Display: Loaded TP AndroidTargetPlatform
[2020.04.22-10.37.55:306][  0]LogTemp: Display: Loaded TP AndroidTargetPlatform
[2020.04.22-10.37.55:306][  0]LogTemp: Display: Loaded TP AndroidTargetPlatform
[2020.04.22-10.37.55:306][  0]LogTemp: Display: Loaded TP AndroidTargetPlatform
[2020.04.22-10.37.55:306][  0]LogTemp: Display: Loaded TP AndroidTargetPlatform
[2020.04.22-10.37.55:306][  0]LogTemp: Display: Loaded TP AndroidTargetPlatform
[2020.04.22-10.37.55:306][  0]LogTemp: Display: Loaded TP AndroidTargetPlatform
[2020.04.22-10.37.55:306][  0]LogTemp: Display: Loaded TP AndroidTargetPlatform
[2020.04.22-10.37.55:306][  0]LogTemp: Display: Loaded TP AndroidTargetPlatform
[2020.04.22-10.37.55:306][  0]LogTemp: Display: Loaded TP AndroidTargetPlatform
[2020.04.22-10.37.55:306][  0]LogTemp: Display: Loaded TP AndroidTargetPlatform
[2020.04.22-10.37.55:306][  0]LogTemp: Display: Loaded TP AndroidTargetPlatform
[2020.04.22-10.37.55:306][  0]LogTemp: Display: Loaded TP AndroidTargetPlatform
[2020.04.22-10.37.55:306][  0]LogTemp: Display: Loaded TP AndroidTargetPlatform
[2020.04.22-10.37.55:306][  0]LogTemp: Display: Loaded TP AndroidTargetPlatform
[2020.04.22-10.37.55:306][  0]LogTemp: Display: Loaded TP AndroidTargetPlatform
[2020.04.22-10.37.55:306][  0]LogTemp: Display: Loaded TP AndroidTargetPlatform
[2020.04.22-10.37.55:309][  0]LogTemp: Display: Loaded TP HTML5TargetPlatform
[2020.04.22-10.37.55:392][  0]LogTemp: Display: Loaded TP IOSTargetPlatform
[2020.04.22-10.37.55:392][  0]LogTemp: Display: Loaded TP IOSTargetPlatform
[2020.04.22-10.37.55:432][  0]LogTemp: Display: Loaded TP TVOSTargetPlatform
[2020.04.22-10.37.55:432][  0]LogTemp: Display: Loaded TP TVOSTargetPlatform
[2020.04.22-10.37.55:452][  0]LogTemp: Display: Loaded TP LinuxClientTargetPlatform
[2020.04.22-10.37.55:475][  0]LogTemp: Display: Loaded TP LinuxNoEditorTargetPlatform
[2020.04.22-10.37.55:497][  0]LogTemp: Display: Loaded TP LinuxServerTargetPlatform
[2020.04.22-10.37.55:522][  0]LogTemp: Display: Loaded TP LinuxTargetPlatform
[2020.04.22-10.37.55:540][  0]LogTemp: Display: Loaded TP LuminTargetPlatform
[2020.04.22-10.37.55:540][  0]LogTargetPlatformManager: Display: Building Assets For Windows
[2020.04.22-10.37.55:709][  0]LogXGEController: Cannot use XGE Controller as Incredibuild is not installed on this machine.
[2020.04.22-10.37.55:709][  0]LogShaderCompilers: Cannot use XGE Shader Compiler as Incredibuild is not installed on this machine.
[2020.04.22-10.37.55:709][  0]LogShaderCompilers: Display: Using Local Shader Compiler.
[2020.04.22-10.37.57:859][  0]LogDerivedDataCache: Display: Max Cache Size: 512 MB
[2020.04.22-10.37.57:944][  0]LogDerivedDataCache: Loaded boot cache 0.08s 71MB C:/Users/Admin/AppData/Local/UnrealEngine/4.20/DerivedDataCache/Boot.ddc.
[2020.04.22-10.37.57:945][  0]LogDerivedDataCache: Display: Loaded Boot cache: C:/Users/Admin/AppData/Local/UnrealEngine/4.20/DerivedDataCache/Boot.ddc
[2020.04.22-10.37.57:945][  0]LogDerivedDataCache: FDerivedDataBackendGraph:  Pak pak cache file ../../../../../../Users/Admin/Desktop/programowanie zadanie 1/BPJuliaKonarczak/DerivedDataCache/DDC.ddp not found, will not use a pak cache.
[2020.04.22-10.37.57:945][  0]LogDerivedDataCache: Unable to find inner node Pak for hierarchical cache Hierarchy.
[2020.04.22-10.37.57:945][  0]LogDerivedDataCache: FDerivedDataBackendGraph:  CompressedPak pak cache file ../../../../../../Users/Admin/Desktop/programowanie zadanie 1/BPJuliaKonarczak/DerivedDataCache/Compressed.ddp not found, will not use a pak cache.
[2020.04.22-10.37.57:945][  0]LogDerivedDataCache: Unable to find inner node CompressedPak for hierarchical cache Hierarchy.
[2020.04.22-10.37.57:975][  0]LogDerivedDataCache: Display: Pak cache opened for reading ../../../Engine/DerivedDataCache/Compressed.ddp.
[2020.04.22-10.37.57:989][  0]LogDerivedDataCache: Using Local data cache path C:/Users/Admin/AppData/Local/UnrealEngine/Common/DerivedDataCache: Writable
[2020.04.22-10.37.57:989][  0]LogDerivedDataCache: Shared data cache path not found in *engine.ini, will not use an Shared cache.
[2020.04.22-10.37.57:989][  0]LogDerivedDataCache: Unable to find inner node Shared for hierarchical cache Hierarchy.
[2020.04.22-10.37.58:018][  0]LogMaterial: Verifying Global Shaders for PCD3D_SM5
[2020.04.22-10.37.58:021][  0]LogSlate: Using FreeType 2.6.0
[2020.04.22-10.37.58:022][  0]LogSlate: SlateFontServices - WITH_FREETYPE: 1, WITH_HARFBUZZ: 1
[2020.04.22-10.37.58:188][  0]LogAssetRegistry: FAssetRegistry took 0.0335 seconds to start up
[2020.04.22-10.37.58:974][  0]LogInit: Selected Device Profile: [Windows]
[2020.04.22-10.37.59:314][  0]LogSimplygon: Simplygon DLL not present - disabling.
[2020.04.22-10.37.59:326][  0]LogMeshReduction: Using SimplygonSwarm for distributed automatic mesh merging
[2020.04.22-10.37.59:326][  0]LogMeshReduction: Using ProxyLODMeshReduction for automatic mesh merging
[2020.04.22-10.37.59:326][  0]LogMeshReduction: Using QuadricMeshReduction for automatic static mesh reduction
[2020.04.22-10.37.59:326][  0]LogMeshReduction: No automatic skeletal mesh reduction module available
[2020.04.22-10.37.59:364][  0]LogNetVersion: BPJuliaKonarczak 1.0.0, NetCL: 4212847, EngineNetVer: 5, GameNetVer: 0 (Checksum: 215815756)
[2020.04.22-10.38.00:282][  0]LogPackageLocalizationCache: Processed 11 localized package path(s) for 2 prioritized culture(s) in 0.186420 seconds
[2020.04.22-10.38.00:292][  0]LogUObjectArray: 38425 objects as part of root set at end of initial load.
[2020.04.22-10.38.00:292][  0]LogUObjectAllocator: 6690864 out of 0 bytes used by permanent object pool.
[2020.04.22-10.38.00:292][  0]LogUObjectArray: CloseDisregardForGC: 0/0 objects in disregard for GC pool
[2020.04.22-10.38.02:030][  0]LogTcpMessaging: Initializing TcpMessaging bridge
[2020.04.22-10.38.02:045][  0]LogUdpMessaging: Initializing bridge on interface 0.0.0.0:0 to multicast group 230.0.0.1:6666.
[2020.04.22-10.38.02:244][  0]SourceControl: Source control is disabled
[2020.04.22-10.38.02:244][  0]SourceControl: Source control is disabled
[2020.04.22-10.38.02:246][  0]SourceControl: Source control is disabled
[2020.04.22-10.38.02:249][  0]SourceControl: Source control is disabled
[2020.04.22-10.38.02:478][  0]LogAndroidPermission: UAndroidPermissionCallbackProxy::GetInstance
[2020.04.22-10.38.02:586][  0]LogOcInput: OculusInput pre-init called
[2020.04.22-10.38.02:675][  0]LogEngine: Initializing Engine...
[2020.04.22-10.38.02:677][  0]LogHMD: Failed to initialize OpenVR with code 110
[2020.04.22-10.38.02:678][  0]LogStats: UGameplayTagsManager::ConstructGameplayTagTree: ImportINI prefixes -  0.000 s
[2020.04.22-10.38.02:678][  0]LogStats: UGameplayTagsManager::ConstructGameplayTagTree: Construct from data asset -  0.000 s
[2020.04.22-10.38.02:678][  0]LogStats: UGameplayTagsManager::ConstructGameplayTagTree: ImportINI -  0.000 s
[2020.04.22-10.38.02:678][  0]LogStats: UGameplayTagsManager::ConstructGameplayTagTree: GameplayTagTreeChangedEvent.Broadcast -  0.000 s
[2020.04.22-10.38.02:997][  0]LogInit: Initializing FReadOnlyCVARCache
[2020.04.22-10.38.03:041][  0]LogAIModule: Creating AISystem for world Untitled
[2020.04.22-10.38.03:060][  0]LogInit: XAudio2 using 'Głośnik/Słuchawki (Realtek High Definition Audio)' : 2 channels at 48 kHz using 32 bits per sample (channel mask 0x3)
[2020.04.22-10.38.03:178][  0]LogInit: FAudioDevice initialized.
[2020.04.22-10.38.03:178][  0]LogNetVersion: Set ProjectVersion to 1.0.0.0. Version Checksum will be recalculated on next use.
[2020.04.22-10.38.03:433][  0]LogDerivedDataCache: Saved boot cache 0.25s 71MB C:/Users/Admin/AppData/Local/UnrealEngine/4.20/DerivedDataCache/Boot.ddc.
[2020.04.22-10.38.03:442][  0]LogInit: Texture streaming: Enabled
[2020.04.22-10.38.03:503][  0]LogEngineSessionManager: EngineSessionManager initialized
[2020.04.22-10.38.03:528][  0]LogInit: Transaction tracking system initialized
[2020.04.22-10.38.03:594][  0]BlueprintLog: New page: Editor Load
[2020.04.22-10.38.03:845][  0]LocalizationService: Localization service is disabled
[2020.04.22-10.38.04:526][  0]LogCook: Display: Max memory allowance for cook 16384mb min free memory 0mb
[2020.04.22-10.38.04:526][  0]LogCook: Display: Mobile HDR setting 1
[2020.04.22-10.38.04:526][  0]LogGameplayTags: Display: UGameplayTagsManager::DoneAddingNativeTags. DelegateIsBound: 0
[2020.04.22-10.38.04:526][  0]LogStats: UGameplayTagsManager::ConstructGameplayTagTree: ImportINI prefixes -  0.000 s
[2020.04.22-10.38.04:526][  0]LogStats: UGameplayTagsManager::ConstructGameplayTagTree: Construct from data asset -  0.000 s
[2020.04.22-10.38.04:526][  0]LogStats: UGameplayTagsManager::ConstructGameplayTagTree: ImportINI -  0.000 s
[2020.04.22-10.38.04:526][  0]LogStats: UGameplayTagsManager::ConstructGameplayTagTree: GameplayTagTreeChangedEvent.Broadcast -  0.000 s
[2020.04.22-10.38.04:786][  0]LogFileCache: Scanning file cache for directory 'C:/Users/Admin/Desktop/programowanie zadanie 1/BPJuliaKonarczak/Content/' took 0.03s
[2020.04.22-10.38.04:802][  0]SourceControl: Source control is disabled
[2020.04.22-10.38.04:802][  0]Cmd: MAP LOAD FILE="../../../../../../Users/Admin/Desktop/programowanie zadanie 1/BPJuliaKonarczak/Content/StarterContent/Maps/Minimal_Default.umap" TEMPLATE=0 SHOWPROGRESS=1 FEATURELEVEL=3
[2020.04.22-10.38.04:818][  0]LightingResults: New page: Lighting Build
[2020.04.22-10.38.04:825][  0]MapCheck: New page: Map Check
[2020.04.22-10.38.04:825][  0]LightingResults: New page: Lighting Build
[2020.04.22-10.38.07:922][  0]LogAIModule: Creating AISystem for world Minimal_Default
[2020.04.22-10.38.08:002][  0]LogEditorServer: Finished looking for orphan Actors (0.000 secs)
[2020.04.22-10.38.08:115][  0]Cmd: MAP CHECKDEP NOCLEARLOG
[2020.04.22-10.38.08:326][  0]MapCheck: Map check complete: 0 Error(s), 0 Warning(s), took 211,01ms to complete.
[2020.04.22-10.38.08:326][  0]LogFileHelpers: Loading map 'Minimal_Default' took 3.524
[2020.04.22-10.38.09:076][  0]LogSlate: Updating window title bar state: overlay mode, drag disabled, window buttons hidden, title bar hidden
[2020.04.22-10.38.09:104][  0]LogSlate: Updating window title bar state: overlay mode, drag disabled, window buttons hidden, title bar hidden
[2020.04.22-10.38.09:119][  0]LogSlate: Updating window title bar state: overlay mode, drag disabled, window buttons hidden, title bar hidden
[2020.04.22-10.38.09:129][  0]LogSlate: Updating window title bar state: overlay mode, drag disabled, window buttons hidden, title bar hidden
[2020.04.22-10.38.09:235][  0]LogCollectionManager: Loaded 0 collections in 0.028060 seconds
[2020.04.22-10.38.09:547][  0]LogFileCache: Scanning file cache for directory 'C:/Users/Admin/Desktop/programowanie zadanie 1/BPJuliaKonarczak/Saved/Collections/' took 0.01s
[2020.04.22-10.38.09:547][  0]LogFileCache: Scanning file cache for directory 'C:/Users/Admin/Desktop/programowanie zadanie 1/BPJuliaKonarczak/Content/Developers/Admin/Collections/' took 0.01s
[2020.04.22-10.38.09:547][  0]LogFileCache: Scanning file cache for directory 'C:/Users/Admin/Desktop/programowanie zadanie 1/BPJuliaKonarczak/Content/Collections/' took 0.01s
[2020.04.22-10.38.09:547][  0]LogCollectionManager: Rebuilt the GUID cache for 0 collections in 0.000000 seconds
[2020.04.22-10.38.09:614][  0]LogContentBrowser: Native class hierarchy populated in 0.0382 seconds. Added 2572 classes and 603 folders.
[2020.04.22-10.38.09:751][  0]LogContentBrowser: Native class hierarchy updated for 'WidgetCarousel' in 0.0009 seconds. Added 0 classes and 0 folders.
[2020.04.22-10.38.10:965][  0]LogContentBrowser: Native class hierarchy updated for 'AddContentDialog' in 0.0011 seconds. Added 0 classes and 0 folders.
[2020.04.22-10.38.11:152][  0]LogContentBrowser: Native class hierarchy updated for 'SceneOutliner' in 0.0013 seconds. Added 1 classes and 2 folders.
[2020.04.22-10.38.11:321][  0]LogSlate: Took 0.000452 seconds to synchronously load lazily loaded font '../../../Engine/Content/Slate/Fonts/Roboto-Regular.ttf' (155K)
[2020.04.22-10.38.11:383][  0]LogSlate: Took 0.001480 seconds to synchronously load lazily loaded font '../../../Engine/Content/Slate/Fonts/Roboto-Bold.ttf' (160K)
[2020.04.22-10.38.11:471][  0]LogSlate: Took 0.049355 seconds to synchronously load lazily loaded font '../../../Engine/Content/Editor/Slate/Fonts/FontAwesome.ttf' (139K)
[2020.04.22-10.38.11:637][  0]LogRenderer: Reallocating scene render targets to support 1272x456 Format 10 NumSamples 1 (Frame:1).
[2020.04.22-10.38.12:088][  0]LogContentBrowser: Native class hierarchy updated for 'HierarchicalLODOutliner' in 0.0006 seconds. Added 0 classes and 0 folders.
[2020.04.22-10.38.12:088][  0]LogLoad: (Engine Initialization) Total time: 24.47 seconds
[2020.04.22-10.38.12:088][  0]LogLoad: (Engine Initialization) Total Blueprint compile time: 0.00 seconds
[2020.04.22-10.38.12:196][  0]LogContentStreaming: Texture pool size now 1000 MB
[2020.04.22-10.38.12:292][  0]LogSlate: Took 0.048297 seconds to synchronously load lazily loaded font '../../../Engine/Content/Slate/Fonts/Roboto-Light.ttf' (167K)
[2020.04.22-10.38.12:486][  2]LogAssetRegistry: Asset discovery search completed in 14.3209 seconds
[2020.04.22-10.38.12:490][  2]LogCollectionManager: Rebuilt the object cache for 0 collections in 0.000001 seconds (found 0 objects)
[2020.04.22-10.38.12:490][  2]LogCollectionManager: Fixed up redirectors for 0 collections in 0.000126 seconds (updated 0 objects)
[2020.04.22-10.38.21:979][418]LogSlate: FSceneViewport::OnFocusLost() reason 0
[2020.04.22-10.38.37:949][189]LogEditorViewport: Clicking on Actor (LMB): AmbientSound (Starter_Background_Cue)
[2020.04.22-10.38.40:027][288]LogSlate: FSceneViewport::OnFocusLost() reason 0
[2020.04.22-10.39.09:830][734]LogEditorViewport: Clicking on Actor (LMB): SphereReflectionCapture (SphereReflectionCapture10)
[2020.04.22-10.39.11:849][830]LogSlate: FSceneViewport::OnFocusLost() reason 0
[2020.04.22-10.39.14:022][932]LogEditorViewport: Clicking Background
[2020.04.22-10.39.15:543][  3]LogEditorViewport: Clicking on Actor (LMB): StaticMeshActor (Chair)
[2020.04.22-10.39.20:677][247]Cmd: DUPLICATE
[2020.04.22-10.39.20:677][247]Cmd: ACTOR DUPLICATE
[2020.04.22-10.39.23:854][388]Cmd: DUPLICATE
[2020.04.22-10.39.23:854][388]Cmd: ACTOR DUPLICATE
[2020.04.22-10.39.25:389][458]Cmd: DUPLICATE
[2020.04.22-10.39.25:389][458]Cmd: ACTOR DUPLICATE
[2020.04.22-10.39.29:540][643]LogEditorViewport: Clicking on Actor (LMB): StaticMeshActor (Chair2)
[2020.04.22-10.39.36:431][949]LogEditorViewport: Clicking on Actor (LMB): StaticMeshActor (Chair3)
[2020.04.22-10.39.42:091][201]LogEditorViewport: Clicking on Actor (LMB): StaticMeshActor (Chair)
[2020.04.22-10.39.46:693][402]LogEditorViewport: Clicking on Actor (context menu): StaticMeshActor (Floor)
[2020.04.22-10.39.46:926][402]LogSlate: FSceneViewport::OnFocusLost() reason 2
[2020.04.22-10.39.51:742][681]Cmd: EDIT CUT
[2020.04.22-10.39.51:777][681]LogEditorActor: Deleted Actor: StaticMeshActor
[2020.04.22-10.39.51:837][681]LogEditorActor: Deleted 1 Actors (0.091 secs)
[2020.04.22-10.39.53:178][741]LogEditorViewport: Clicking on Actor (LMB): StaticMeshActor (Chair3)
[2020.04.22-10.39.58:077][959]LogSlate: FSceneViewport::OnFocusLost() reason 0
[2020.04.22-10.40.13:231][649]LogEditorViewport: Clicking on Actor (LMB): StaticMeshActor (Chair)
[2020.04.22-10.40.18:156][872]LogEditorViewport: Clicking on Actor (LMB): StaticMeshActor (Chair2)
[2020.04.22-10.40.22:406][ 66]LogEditorViewport: Clicking on Actor (LMB): StaticMeshActor (Chair)
[2020.04.22-10.40.25:376][194]LogEditorViewport: Clicking on Actor (LMB): StaticMeshActor (Chair4)
[2020.04.22-10.40.30:072][402]LogEditorViewport: Clicking Background
[2020.04.22-10.40.31:830][484]LogEditorViewport: Clicking on Actor (LMB): StaticMeshActor (Table)
[2020.04.22-10.40.32:998][535]LogEditorViewport: Clicking on Actor (LMB): StaticMeshActor (Statue)
[2020.04.22-10.40.36:381][692]LogSlate: FSceneViewport::OnFocusLost() reason 0
[2020.04.22-10.41.08:543][228]EditorErrors: New page: Actor attachment
[2020.04.22-10.41.11:078][357]EditorErrors: New page: Actor attachment
[2020.04.22-10.41.12:911][450]EditorErrors: New page: Actor attachment
[2020.04.22-10.41.16:777][639]EditorErrors: New page: Actor attachment
[2020.04.22-10.41.18:430][723]EditorErrors: New page: Actor attachment
[2020.04.22-10.41.21:912][906]EditorErrors: New page: Actor attachment
[2020.04.22-10.41.23:994][ 12]EditorErrors: New page: Actor attachment
[2020.04.22-10.41.25:559][ 92]EditorErrors: New page: Actor attachment
[2020.04.22-10.41.27:470][192]EditorErrors: New page: Actor attachment
[2020.04.22-10.41.39:478][757]LogEditorViewport: Clicking Background
[2020.04.22-10.41.41:875][868]LogEditorViewport: Clicking Background
[2020.04.22-10.41.43:311][932]LogEditorViewport: Clicking Background
[2020.04.22-10.41.43:364][933]LogEditorViewport: Clicking Background
[2020.04.22-10.41.44:833][997]LogEditorViewport: Clicking on Actor (LMB): StaticMeshActor (Table)
[2020.04.22-10.41.46:633][ 73]LogEditorViewport: Clicking Background
[2020.04.22-10.41.48:216][144]LogSlate: FSceneViewport::OnFocusLost() reason 0
[2020.04.22-10.41.57:346][559]Cmd: DUPLICATE
[2020.04.22-10.41.57:346][559]Cmd: ACTOR DUPLICATE
[2020.04.22-10.41.58:511][611]Cmd: DUPLICATE
[2020.04.22-10.41.58:511][611]Cmd: ACTOR DUPLICATE
[2020.04.22-10.42.08:730][ 67]LogEditorViewport: Clicking Background
[2020.04.22-10.42.09:563][102]LogEditorViewport: Clicking Background
[2020.04.22-10.42.19:524][205]LogEditorViewport: Clicking on Actor (LMB): StaticMeshActor (Floor2)
[2020.04.22-10.42.22:553][338]LogSlate: FSceneViewport::OnFocusLost() reason 0
[2020.04.22-10.42.23:287][366]LogEditorViewport: Clicking Background
[2020.04.22-10.42.32:531][794]LogEditorViewport: Clicking Background
[2020.04.22-10.42.41:981][220]LogEditorViewport: Clicking Background
[2020.04.22-10.42.43:364][282]LogEditorViewport: Clicking Background
[2020.04.22-10.42.54:225][779]LogEditorViewport: Clicking on Actor (LMB): StaticMeshActor (Floor)
[2020.04.22-10.42.55:132][823]LogEditorViewport: Clicking Background
[2020.04.22-10.42.56:111][870]LogEditorViewport: Clicking Background
[2020.04.22-10.42.56:845][905]LogEditorViewport: Clicking Background
[2020.04.22-10.42.56:906][907]LogEditorViewport: Clicking Background
[2020.04.22-10.42.57:600][943]LogEditorViewport: Clicking Background
[2020.04.22-10.42.57:659][945]LogEditorViewport: Clicking Background
[2020.04.22-10.42.58:487][987]LogEditorViewport: Clicking Background
[2020.04.22-10.42.58:519][988]LogEditorViewport: Clicking Background
[2020.04.22-10.42.58:836][  2]LogEditorViewport: Clicking Background
[2020.04.22-10.42.59:593][ 42]LogEditorViewport: Clicking Background
[2020.04.22-10.42.59:655][ 44]LogEditorViewport: Clicking Background
[2020.04.22-10.42.59:973][ 61]LogEditorViewport: Clicking Background
[2020.04.22-10.43.01:314][130]LogSlate: FSceneViewport::OnFocusLost() reason 0
[2020.04.22-10.43.09:696][560]LogEditorViewport: Clicking Background
[2020.04.22-10.43.11:523][657]LogEditorViewport: Clicking on Actor (LMB): StaticMeshActor (Floor3)
[2020.04.22-10.43.11:599][657]LogEditorViewport: Clicking on Component (LMB): StaticMeshComponent (StaticMeshComponent0)
[2020.04.22-10.43.15:541][862]LogEditorViewport: Clicking Background
[2020.04.22-10.43.16:412][906]LogEditorViewport: Clicking on Actor (LMB): StaticMeshActor (Floor2)
[2020.04.22-10.43.26:222][393]LogEditorViewport: Clicking Background
[2020.04.22-10.43.29:441][560]LogEditorViewport: Clicking on Actor (LMB): StaticMeshActor (Chair3)
[2020.04.22-10.43.30:978][634]LogEditorViewport: Clicking on Actor (LMB): StaticMeshActor (Table)
[2020.04.22-10.43.39:738][ 83]LogSlate: FSceneViewport::OnFocusLost() reason 0
[2020.04.22-10.43.42:923][259]LogEditorViewport: Clicking on Actor (LMB): StaticMeshActor (Table)
[2020.04.22-10.43.46:072][429]Cmd: DUPLICATE
[2020.04.22-10.43.46:073][429]Cmd: ACTOR DUPLICATE
[2020.04.22-10.43.46:768][465]Cmd: DUPLICATE
[2020.04.22-10.43.46:768][465]Cmd: ACTOR DUPLICATE
[2020.04.22-10.43.51:557][703]LogEditorViewport: Clicking on Actor (LMB): StaticMeshActor (Table2)
[2020.04.22-10.43.56:546][938]LogEditorViewport: Clicking on Actor (LMB): StaticMeshActor (Table3)
[2020.04.22-10.43.58:158][ 16]LogEditorViewport: Clicking on Actor (LMB): StaticMeshActor (Table2)
[2020.04.22-10.44.01:633][185]LogEditorViewport: Clicking on Actor (LMB): StaticMeshActor (Table3)
[2020.04.22-10.44.08:064][501]LogSlate: FSceneViewport::OnFocusLost() reason 0
[2020.04.22-10.44.14:327][820]LogEditorViewport: Clicking on Actor (LMB): StaticMeshActor (Table3)
[2020.04.22-10.44.17:673][979]LogEditorViewport: Clicking on Actor (LMB): StaticMeshActor (Table2)
[2020.04.22-10.44.23:424][258]LogEditorViewport: Clicking on Actor (LMB): StaticMeshActor (Table3)
[2020.04.22-10.44.35:546][850]LogSlate: FSceneViewport::OnFocusLost() reason 0
[2020.04.22-10.44.41:570][165]EditorErrors: New page: Actor attachment
[2020.04.22-10.44.51:410][675]EditorErrors: New page: Actor attachment
[2020.04.22-10.44.55:748][887]LogEditorViewport: Clicking on Actor (LMB): StaticMeshActor (Table)
[2020.04.22-10.44.58:421][ 15]LogEditorViewport: Clicking on Actor (LMB): StaticMeshActor (Chair3)
[2020.04.22-10.45.00:251][104]Cmd: DUPLICATE
[2020.04.22-10.45.00:251][104]Cmd: ACTOR DUPLICATE
[2020.04.22-10.45.01:012][142]Cmd: DUPLICATE
[2020.04.22-10.45.01:012][142]Cmd: ACTOR DUPLICATE
[2020.04.22-10.45.01:991][189]Cmd: DUPLICATE
[2020.04.22-10.45.01:991][189]Cmd: ACTOR DUPLICATE
[2020.04.22-10.45.12:607][681]LogEditorViewport: Clicking on Actor (LMB): StaticMeshActor (Chair6)
[2020.04.22-10.45.21:623][ 93]LogEditorViewport: Clicking on Actor (LMB): StaticMeshActor (Chair5)
[2020.04.22-10.45.30:398][490]LogEditorViewport: Clicking on Actor (LMB): StaticMeshActor (Chair3)
[2020.04.22-10.45.34:827][698]LogEditorViewport: Clicking on Actor (LMB): StaticMeshActor (Chair7)
[2020.04.22-10.45.40:833][980]LogSlate: FSceneViewport::OnFocusLost() reason 0
[2020.04.22-10.45.44:543][173]EditorErrors: New page: Actor attachment
[2020.04.22-10.45.46:881][293]EditorErrors: New page: Actor attachment
[2020.04.22-10.45.50:026][453]EditorErrors: New page: Actor attachment
[2020.04.22-10.45.52:675][588]EditorErrors: New page: Actor attachment
[2020.04.22-10.45.58:898][883]LogEditorViewport: Clicking on Actor (LMB): StaticMeshActor (Chair7)
[2020.04.22-10.46.00:601][962]Cmd: DUPLICATE
[2020.04.22-10.46.00:601][962]Cmd: ACTOR DUPLICATE
[2020.04.22-10.46.13:570][554]LogEditorViewport: Clicking on Actor (LMB): StaticMeshActor (Statue)
[2020.04.22-10.46.21:919][943]LogEditorViewport: Clicking on Actor (LMB): StaticMeshActor (Chair8)
[2020.04.22-10.46.25:815][122]LogSlate: FSceneViewport::OnFocusLost() reason 0
[2020.04.22-10.46.27:147][201]EditorErrors: New page: Actor attachment
[2020.04.22-10.46.29:717][321]LogEditorViewport: Clicking on Actor (LMB): StaticMeshActor (Statue)
[2020.04.22-10.46.33:292][487]Cmd: DUPLICATE
[2020.04.22-10.46.33:292][487]Cmd: ACTOR DUPLICATE
[2020.04.22-10.46.34:212][529]Cmd: DUPLICATE
[2020.04.22-10.46.34:212][529]Cmd: ACTOR DUPLICATE
[2020.04.22-10.46.43:466][933]LogSlate: FSceneViewport::OnFocusLost() reason 0
[2020.04.22-10.46.44:662][  4]EditorErrors: New page: Actor attachment
[2020.04.22-10.46.49:352][214]LogEditorViewport: Clicking on Actor (LMB): StaticMeshActor (Table)
[2020.04.22-10.46.52:308][342]LogSlate: FSceneViewport::OnFocusLost() reason 0
[2020.04.22-10.46.57:406][564]LogSlate: FSceneViewport::OnFocusLost() reason 0
[2020.04.22-10.46.58:077][603]EditorErrors: New page: Actor attachment
[2020.04.22-10.47.06:089][841]LogEditorViewport: Clicking Background
[2020.04.22-10.47.07:609][907]LogEditorViewport: Clicking on Actor (LMB): StaticMeshActor (Statue)
[2020.04.22-10.47.10:538][ 32]LogSlate: FSceneViewport::OnFocusLost() reason 0
[2020.04.22-10.47.14:025][203]LogSlate: Took 0.000474 seconds to synchronously load lazily loaded font '../../../Engine/Content/Slate/Fonts/Roboto-Light.ttf' (167K)
[2020.04.22-10.47.14:035][203]LogAssetEditorManager: Opening Asset editor for StaticMesh /Game/StarterContent/Props/SM_TableRound.SM_TableRound
[2020.04.22-10.47.17:037][203]LogSlate: Took 0.043402 seconds to synchronously load lazily loaded font '../../../Engine/Content/Slate/Fonts/Roboto-Italic.ttf' (157K)
[2020.04.22-10.47.47:516][822]LogSlate: Window 'Message' being destroyed
[2020.04.22-10.47.47:687][822]LogSlate: Window 'SM_TableRound*' being destroyed
[2020.04.22-10.47.47:689][822]LogSlate: Window 'SM_TableRound*' being destroyed
[2020.04.22-10.48.01:629][444]LogEditorViewport: Clicking Background
[2020.04.22-10.48.05:540][624]LogEditorViewport: Clicking on Actor (LMB): StaticMeshActor (Chair7)
[2020.04.22-10.48.08:071][738]LogSlate: FSceneViewport::OnFocusLost() reason 0
[2020.04.22-10.48.17:599][298]LogAssetEditorManager: Opening Asset editor for StaticMesh /Game/StarterContent/Props/SM_Chair.SM_Chair
[2020.04.22-10.48.26:956][542]LogSlate: Window 'SM_Chair' being destroyed
[2020.04.22-10.48.26:967][542]LogSlate: Window 'SM_Chair' being destroyed
[2020.04.22-10.48.28:578][612]LogEditorViewport: Clicking Background
[2020.04.22-10.48.32:507][793]LogSlate: FSceneViewport::OnFocusLost() reason 0
[2020.04.22-10.49.02:958][294]LogSavePackage: Moving '../../../../../../Users/Admin/Desktop/programowanie zadanie 1/BPJuliaKonarczak/Saved/Minimal_Default_Auto1780EE26A480EAE074986B2A1FD75B39C.tmp' to '../../../../../../Users/Admin/Desktop/programowanie zadanie 1/BPJuliaKonarczak/Saved/Autosaves/Game/StarterContent/Maps/Minimal_Default_Auto1.umap'
[2020.04.22-10.49.03:062][294]LogFileHelpers: Editor autosave (incl. sublevels) for '/Game/StarterContent/Maps/Minimal_Default' took 0.671
[2020.04.22-10.49.03:062][294]LogFileHelpers: Editor autosave (incl. sublevels) for all levels took 0.671
[2020.04.22-10.49.03:066][294]OBJ SavePackage: Generating thumbnails for [1] asset(s) in package [/Game/StarterContent/Props/SM_TableRound] ([1] browsable assets)...
[2020.04.22-10.49.03:122][294]OBJ SavePackage:     Rendered thumbnail for [StaticMesh /Game/StarterContent/Props/SM_TableRound.SM_TableRound]
[2020.04.22-10.49.03:122][294]OBJ SavePackage: Finished generating thumbnails for package [/Game/StarterContent/Props/SM_TableRound]
[2020.04.22-10.49.03:170][294]LogSavePackage: Moving '../../../../../../Users/Admin/Desktop/programowanie zadanie 1/BPJuliaKonarczak/Saved/SM_TableRound_Auto1AE4FF6B84AE6945E8142A98B792A3696.tmp' to '../../../../../../Users/Admin/Desktop/programowanie zadanie 1/BPJuliaKonarczak/Saved/Autosaves/Game/StarterContent/Props/SM_TableRound_Auto1.uasset'
[2020.04.22-10.49.03:175][294]LogFileHelpers: Auto-saving content packages took 0.112
[2020.04.22-10.49.12:587][784]LogEditorViewport: Clicking on Actor (LMB): StaticMeshActor (Table3)
[2020.04.22-10.49.19:982][147]LogSlate: FSceneViewport::OnFocusLost() reason 0
[2020.04.22-10.49.22:290][259]LogSlate: FSceneViewport::OnFocusLost() reason 2
[2020.04.22-10.49.42:853][486]LogSlate: FSceneViewport::OnFocusLost() reason 2
[2020.04.22-10.49.50:814][486]LogSlate: Window 'Choose New StaticMesh Location' being destroyed
[2020.04.22-10.49.50:851][486]LogSlate: FSceneViewport::OnFocusLost() reason 2
[2020.04.22-10.49.51:031][486]LogStaticMesh: Building static mesh StaticMesh...
[2020.04.22-10.49.51:313][486]LogStaticMesh: Built static mesh [0.28s] /Game/Meshes/StaticMesh.StaticMesh
[2020.04.22-10.49.55:727][606]LogSlate: FSceneViewport::OnFocusLost() reason 0
[2020.04.22-10.50.01:010][918]LogAssetEditorManager: Opening Asset editor for StaticMesh /Game/StarterContent/Props/SM_TableRound.SM_TableRound
[2020.04.22-10.50.24:105][513]LogSlate: Window 'Message' being destroyed
[2020.04.22-10.50.24:126][513]LogStaticMesh: Building static mesh SM_TableRound...
[2020.04.22-10.50.24:182][513]LogStaticMesh: Built static mesh [0.06s] /Game/StarterContent/Props/SM_TableRound.SM_TableRound
[2020.04.22-10.50.24:222][513]LogSlate: Window 'SM_TableRound*' being destroyed
[2020.04.22-10.50.24:224][513]LogSlate: Window 'SM_TableRound*' being destroyed
[2020.04.22-10.50.32:066][891]Cmd: TRANSACTION UNDO
[2020.04.22-10.50.32:066][891]LogEditorTransaction: Undo Clicking on Actors
[2020.04.22-10.50.33:883][975]Cmd: TRANSACTION UNDO
[2020.04.22-10.50.33:883][975]LogEditorTransaction: Undo Clicking on Actors
[2020.04.22-10.50.34:830][ 21]Cmd: TRANSACTION UNDO
[2020.04.22-10.50.34:830][ 21]LogEditorTransaction: Undo Clicking on Actors
[2020.04.22-10.54.34:341][ 96]LogAssetEditorManager: Opening Asset editor for StaticMesh /Game/StarterContent/Props/SM_TableRound.SM_TableRound
[2020.04.22-10.58.28:524][885]LogSlate: Window 'SM_TableRound*' being destroyed
[2020.04.22-10.58.28:531][885]LogSlate: Window 'SM_TableRound*' being destroyed
[2020.04.22-10.58.30:632][980]EditorErrors: New page: Actor attachment
[2020.04.22-10.58.40:513][385]EditorErrors: New page: Actor attachment
[2020.04.22-10.59.46:022][250]LogSavePackage: Moving '../../../../../../Users/Admin/Desktop/programowanie zadanie 1/BPJuliaKonarczak/Saved/Minimal_Default_Auto27B3104AB4F9C8B65C33069BC3CD867EA.tmp' to '../../../../../../Users/Admin/Desktop/programowanie zadanie 1/BPJuliaKonarczak/Saved/Autosaves/Game/StarterContent/Maps/Minimal_Default_Auto2.umap'
[2020.04.22-10.59.46:031][250]LogFileHelpers: Editor autosave (incl. sublevels) for '/Game/StarterContent/Maps/Minimal_Default' took 0.263
[2020.04.22-10.59.46:031][250]LogFileHelpers: Editor autosave (incl. sublevels) for all levels took 0.263
[2020.04.22-10.59.46:036][250]OBJ SavePackage: Generating thumbnails for [1] asset(s) in package [/Game/StarterContent/Props/SM_TableRound] ([1] browsable assets)...
[2020.04.22-10.59.46:090][250]OBJ SavePackage:     Rendered thumbnail for [StaticMesh /Game/StarterContent/Props/SM_TableRound.SM_TableRound]
[2020.04.22-10.59.46:090][250]OBJ SavePackage: Finished generating thumbnails for package [/Game/StarterContent/Props/SM_TableRound]
[2020.04.22-10.59.46:114][250]LogSavePackage: Moving '../../../../../../Users/Admin/Desktop/programowanie zadanie 1/BPJuliaKonarczak/Saved/SM_TableRound_Auto2C38DB3054DBA4609D1A909B7321446CF.tmp' to '../../../../../../Users/Admin/Desktop/programowanie zadanie 1/BPJuliaKonarczak/Saved/Autosaves/Game/StarterContent/Props/SM_TableRound_Auto2.uasset'
[2020.04.22-10.59.46:121][250]OBJ SavePackage: Generating thumbnails for [1] asset(s) in package [/Game/Meshes/StaticMesh] ([1] browsable assets)...
[2020.04.22-10.59.46:214][250]OBJ SavePackage:     Rendered thumbnail for [StaticMesh /Game/Meshes/StaticMesh.StaticMesh]
[2020.04.22-10.59.46:214][250]OBJ SavePackage: Finished generating thumbnails for package [/Game/Meshes/StaticMesh]
[2020.04.22-10.59.46:243][250]LogSavePackage: Moving '../../../../../../Users/Admin/Desktop/programowanie zadanie 1/BPJuliaKonarczak/Saved/StaticMesh_Auto23F039EBE4590CD3711F227947013E5E9.tmp' to '../../../../../../Users/Admin/Desktop/programowanie zadanie 1/BPJuliaKonarczak/Saved/Autosaves/Game/Meshes/StaticMesh_Auto2.uasset'
[2020.04.22-10.59.46:248][250]LogFileHelpers: Auto-saving content packages took 0.215
[2020.04.22-11.06.09:580][537]LogSlate: Window 'Save Content' being destroyed
[2020.04.22-11.06.09:654][537]Cmd: OBJ SAVEPACKAGE PACKAGE="/Game/Meshes/StaticMesh" FILE="../../../../../../Users/Admin/Desktop/programowanie zadanie 1/BPJuliaKonarczak/Content/Meshes/StaticMesh.uasset" SILENT=true
[2020.04.22-11.06.09:718][537]LogSavePackage: Moving '../../../../../../Users/Admin/Desktop/programowanie zadanie 1/BPJuliaKonarczak/Saved/StaticMeshD9E238EA43652C95B891DF8C1B2D1DA2.tmp' to '../../../../../../Users/Admin/Desktop/programowanie zadanie 1/BPJuliaKonarczak/Content/Meshes/StaticMesh.uasset'
[2020.04.22-11.06.10:178][537]LogSavePackage: Moving '../../../../../../Users/Admin/Desktop/programowanie zadanie 1/BPJuliaKonarczak/Saved/Minimal_Default762B0D034E1303C493B707AE5CE781EF.tmp' to '../../../../../../Users/Admin/Desktop/programowanie zadanie 1/BPJuliaKonarczak/Content/StarterContent/Maps/Minimal_Default.umap'
[2020.04.22-11.06.10:206][537]LogFileHelpers: Saving map 'Minimal_Default' took 0.471
[2020.04.22-11.06.10:227][537]LogSavePackage: Moving '../../../../../../Users/Admin/Desktop/programowanie zadanie 1/BPJuliaKonarczak/Saved/SM_TableRound817BD5A446B2F394A5A1159DF00F9A1A.tmp' to '../../../../../../Users/Admin/Desktop/programowanie zadanie 1/BPJuliaKonarczak/Content/StarterContent/Props/SM_TableRound.uasset'
[2020.04.22-11.06.10:407][537]LogSlate: Window 'BPJuliaKonarczak - Unreal Editor' being destroyed
[2020.04.22-11.06.10:723][538]Cmd: QUIT_EDITOR
[2020.04.22-11.06.10:815][538]LogWindowsTextInputMethodSystem: Display: IME system now deactivated.
[2020.04.22-11.06.10:837][538]LogExit: Preparing to exit.
[2020.04.22-11.06.11:144][538]LogExit: Editor shut down
[2020.04.22-11.06.11:146][538]LogExit: Transaction tracking system shut down
[2020.04.22-11.06.11:639][538]LogExit: Object subsystem successfully closed.
[2020.04.22-11.06.11:657][538]LogShaderCompilers: Display: Shaders left to compile 0
[2020.04.22-11.06.11:662][538]LogD3D11RHI: Shutdown
[2020.04.22-11.06.11:662][538]LogD3D11RHI: CleanupD3DDevice
[2020.04.22-11.06.11:700][538]LogD3D11RHI: ~FD3D11DynamicRHI
[2020.04.22-11.06.11:749][538]LogModuleManager: Shutting down and abandoning module MeshBuilder (614)
[2020.04.22-11.06.11:749][538]LogModuleManager: Shutting down and abandoning module StaticMeshEditor (612)
[2020.04.22-11.06.11:749][538]LogModuleManager: Shutting down and abandoning module HierarchicalLODOutliner (610)
[2020.04.22-11.06.11:749][538]LogModuleManager: Shutting down and abandoning module SceneOutliner (608)
[2020.04.22-11.06.11:749][538]LogModuleManager: Shutting down and abandoning module AddContentDialog (606)
[2020.04.22-11.06.11:750][538]LogModuleManager: Shutting down and abandoning module WidgetCarousel (605)
[2020.04.22-11.06.11:750][538]LogModuleManager: Shutting down and abandoning module EditorWidgets (602)
[2020.04.22-11.06.11:750][538]LogModuleManager: Shutting down and abandoning module CollectionManager (600)
[2020.04.22-11.06.11:762][538]LogModuleManager: Shutting down and abandoning module StatsViewer (598)
[2020.04.22-11.06.11:762][538]LogModuleManager: Shutting down and abandoning module FoliageEdit (596)
[2020.04.22-11.06.11:762][538]LogModuleManager: Shutting down and abandoning module LandscapeEditor (594)
[2020.04.22-11.06.11:762][538]LogModuleManager: Shutting down and abandoning module MeshPaintMode (592)
[2020.04.22-11.06.11:762][538]LogModuleManager: Shutting down and abandoning module SceneDepthPickerMode (590)
[2020.04.22-11.06.11:763][538]LogModuleManager: Shutting down and abandoning module ActorPickerMode (588)
[2020.04.22-11.06.11:763][538]LogModuleManager: Shutting down and abandoning module GeometryMode (586)
[2020.04.22-11.06.11:763][538]LogModuleManager: Shutting down and abandoning module TextureAlignMode (584)
[2020.04.22-11.06.11:763][538]LogModuleManager: Shutting down and abandoning module BspMode (582)
[2020.04.22-11.06.11:763][538]LogModuleManager: Shutting down and abandoning module PIEPreviewDeviceProfileSelector (580)
[2020.04.22-11.06.11:763][538]LogModuleManager: Shutting down and abandoning module SequenceRecorderSections (578)
[2020.04.22-11.06.11:763][538]LogModuleManager: Shutting down and abandoning module AutomationWorker (576)
[2020.04.22-11.06.11:763][538]LogModuleManager: Shutting down and abandoning module AudioCaptureEditor (574)
[2020.04.22-11.06.11:763][538]LogModuleManager: Shutting down and abandoning module SequenceRecorder (573)
[2020.04.22-11.06.11:763][538]LogModuleManager: Shutting down and abandoning module MatineeToLevelSequence (570)
[2020.04.22-11.06.11:763][538]LogModuleManager: Shutting down and abandoning module LevelSequenceEditor (568)
[2020.04.22-11.06.11:763][538]LogModuleManager: Shutting down and abandoning module PlacementMode (567)
[2020.04.22-11.06.11:763][538]LogModuleManager: Shutting down and abandoning module MaterialEditor (566)
[2020.04.22-11.06.11:763][538]LogModuleManager: Shutting down and abandoning module WmfMediaFactory (562)
[2020.04.22-11.06.11:763][538]LogModuleManager: Shutting down and abandoning module WmfMediaEditor (560)
[2020.04.22-11.06.11:763][538]LogModuleManager: Shutting down and abandoning module MediaPlayerEditor (558)
[2020.04.22-11.06.11:763][538]LogModuleManager: Shutting down and abandoning module OpenExrWrapper (556)
[2020.04.22-11.06.11:763][538]LogModuleManager: Shutting down and abandoning module ImgMediaFactory (554)
[2020.04.22-11.06.11:763][538]LogModuleManager: Shutting down and abandoning module ImgMediaEditor (552)
[2020.04.22-11.06.11:763][538]LogModuleManager: Shutting down and abandoning module AvfMediaFactory (550)
[2020.04.22-11.06.11:763][538]LogModuleManager: Shutting down and abandoning module AvfMediaEditor (548)
[2020.04.22-11.06.11:764][538]LogModuleManager: Shutting down and abandoning module AndroidMediaFactory (546)
[2020.04.22-11.06.11:764][538]LogModuleManager: Shutting down and abandoning module AndroidMediaEditor (544)
[2020.04.22-11.06.11:764][538]LogModuleManager: Shutting down and abandoning module MagicLeapCameraPreviewFactory (542)
[2020.04.22-11.06.11:765][538]LogModuleManager: Shutting down and abandoning module MagicLeapMediaFactory (540)
[2020.04.22-11.06.11:765][538]LogModuleManager: Shutting down and abandoning module MagicLeapMediaEditor (538)
[2020.04.22-11.06.11:766][538]LogModuleManager: Shutting down and abandoning module CharacterAI (536)
[2020.04.22-11.06.11:766][538]LogModuleManager: Shutting down and abandoning module SmartSnapping (534)
[2020.04.22-11.06.11:766][538]LogModuleManager: Shutting down and abandoning module SessionServices (532)
[2020.04.22-11.06.11:766][538]LogModuleManager: Shutting down and abandoning module ViewportSnapping (530)
[2020.04.22-11.06.11:766][538]LogModuleManager: Shutting down and abandoning module ViewportInteraction (528)
[2020.04.22-11.06.11:766][538]LogModuleManager: Shutting down and abandoning module ClothPainter (526)
[2020.04.22-11.06.11:766][538]LogModuleManager: Shutting down and abandoning module SkeletalMeshEditor (525)
[2020.04.22-11.06.11:766][538]LogModuleManager: Shutting down and abandoning module LogVisualizer (522)
[2020.04.22-11.06.11:766][538]LogModuleManager: Shutting down and abandoning module IntroTutorials (520)
[2020.04.22-11.06.11:766][538]LogModuleManager: Shutting down and abandoning module GameProjectGeneration (519)
[2020.04.22-11.06.11:766][538]LogModuleManager: Shutting down and abandoning module LuminPlatformEditor (516)
[2020.04.22-11.06.11:766][538]LogModuleManager: Shutting down and abandoning module IOSPlatformEditor (514)
[2020.04.22-11.06.11:766][538]LogModuleManager: Shutting down and abandoning module HTML5PlatformEditor (512)
[2020.04.22-11.06.11:766][538]LogModuleManager: Shutting down and abandoning module AndroidPlatformEditor (510)
[2020.04.22-11.06.11:766][538]LogModuleManager: Shutting down and abandoning module AndroidDeviceDetection (509)
[2020.04.22-11.06.11:964][538]LogModuleManager: Shutting down and abandoning module WindowsPlatformEditor (506)
[2020.04.22-11.06.11:964][538]LogModuleManager: Shutting down and abandoning module LuminRuntimeSettings (504)
[2020.04.22-11.06.11:964][538]LogModuleManager: Shutting down and abandoning module IOSRuntimeSettings (502)
[2020.04.22-11.06.11:964][538]LogModuleManager: Shutting down and abandoning module AndroidRuntimeSettings (500)
[2020.04.22-11.06.11:964][538]LogModuleManager: Shutting down and abandoning module InputBindingEditor (498)
[2020.04.22-11.06.11:964][538]LogModuleManager: Shutting down and abandoning module MergeActors (496)
[2020.04.22-11.06.11:964][538]LogModuleManager: Shutting down and abandoning module LocalizationDashboard (494)
[2020.04.22-11.06.11:964][538]LogModuleManager: Shutting down and abandoning module LocalizationService (493)
[2020.04.22-11.06.11:964][538]LogModuleManager: Shutting down and abandoning module HardwareTargeting (490)
[2020.04.22-11.06.11:964][538]LogModuleManager: Shutting down and abandoning module DeviceProfileEditor (488)
[2020.04.22-11.06.11:964][538]LogModuleManager: Shutting down and abandoning module UndoHistory (486)
[2020.04.22-11.06.11:964][538]LogModuleManager: Shutting down and abandoning module XmlParser (484)
[2020.04.22-11.06.11:964][538]LogModuleManager: Shutting down and abandoning module Blutility (482)
[2020.04.22-11.06.11:964][538]LogModuleManager: Shutting down and abandoning module ProjectSettingsViewer (480)
[2020.04.22-11.06.11:964][538]LogModuleManager: Shutting down and abandoning module ProjectTargetPlatformEditor (479)
[2020.04.22-11.06.11:964][538]LogModuleManager: Shutting down and abandoning module EditorSettingsViewer (476)
[2020.04.22-11.06.11:965][538]LogModuleManager: Shutting down and abandoning module SettingsEditor (474)
[2020.04.22-11.06.11:965][538]LogModuleManager: Shutting down and abandoning module ProjectLauncher (472)
[2020.04.22-11.06.11:965][538]LogModuleManager: Shutting down and abandoning module SessionFrontend (470)
[2020.04.22-11.06.11:965][538]LogModuleManager: Shutting down and abandoning module ProfilerClient (468)
[2020.04.22-11.06.11:965][538]LogModuleManager: Shutting down and abandoning module DeviceManager (466)
[2020.04.22-11.06.11:965][538]LogModuleManager: Shutting down and abandoning module TargetDeviceServices (465)
[2020.04.22-11.06.12:030][538]LogModuleManager: Shutting down and abandoning module AutomationController (462)
[2020.04.22-11.06.12:030][538]LogModuleManager: Shutting down and abandoning module AutomationWindow (460)
[2020.04.22-11.06.12:030][538]LogModuleManager: Shutting down and abandoning module Layers (458)
[2020.04.22-11.06.12:030][538]LogModuleManager: Shutting down and abandoning module ComponentVisualizers (456)
[2020.04.22-11.06.12:030][538]LogModuleManager: Shutting down and abandoning module DetailCustomizations (454)
[2020.04.22-11.06.12:030][538]LogModuleManager: Shutting down and abandoning module PackagesDialog (452)
[2020.04.22-11.06.12:030][538]LogModuleManager: Shutting down and abandoning module Persona (450)
[2020.04.22-11.06.12:030][538]LogModuleManager: Shutting down and abandoning module AdvancedPreviewScene (449)
[2020.04.22-11.06.12:030][538]LogModuleManager: Shutting down and abandoning module AnimGraph (447)
[2020.04.22-11.06.12:030][538]LogModuleManager: Shutting down and abandoning module Kismet (444)
[2020.04.22-11.06.12:031][538]LogModuleManager: Shutting down and abandoning module GraphEditor (442)
[2020.04.22-11.06.12:031][538]LogModuleManager: Shutting down and abandoning module ClassViewer (440)
[2020.04.22-11.06.12:031][538]LogModuleManager: Shutting down and abandoning module Toolbox (438)
[2020.04.22-11.06.12:031][538]LogModuleManager: Shutting down and abandoning module ModuleUI (436)
[2020.04.22-11.06.12:031][538]LogModuleManager: Shutting down and abandoning module MovieSceneTools (434)
[2020.04.22-11.06.12:032][538]LogModuleManager: Shutting down and abandoning module OutputLog (432)
[2020.04.22-11.06.12:032][538]LogModuleManager: Shutting down and abandoning module GammaUI (430)
[2020.04.22-11.06.12:032][538]LogModuleManager: Shutting down and abandoning module Documentation (428)
[2020.04.22-11.06.12:032][538]LogModuleManager: Shutting down and abandoning module MovieSceneTracks (426)
[2020.04.22-11.06.12:032][538]LogModuleManager: Shutting down and abandoning module MovieScene (424)
[2020.04.22-11.06.12:032][538]LogModuleManager: Shutting down and abandoning module StreamingPauseRendering (422)
[2020.04.22-11.06.12:032][538]LogModuleManager: Shutting down and abandoning module LauncherPlatform (420)
[2020.04.22-11.06.12:033][538]LogModuleManager: Shutting down and abandoning module AnalyticsET (418)
[2020.04.22-11.06.12:033][538]LogModuleManager: Shutting down and abandoning module PortalServices (416)
[2020.04.22-11.06.12:033][538]LogModuleManager: Shutting down and abandoning module PortalRpc (414)
[2020.04.22-11.06.12:033][538]LogModuleManager: Shutting down and abandoning module MessagingRpc (412)
[2020.04.22-11.06.12:033][538]LogModuleManager: Shutting down and abandoning module AIModule (410)
[2020.04.22-11.06.12:033][538]LogModuleManager: Shutting down and abandoning module GameplayDebugger (409)
[2020.04.22-11.06.12:033][538]LogModuleManager: Shutting down and abandoning module AITestSuite (407)
[2020.04.22-11.06.12:034][538]LogModuleManager: Shutting down and abandoning module NavigationSystem (405)
[2020.04.22-11.06.12:034][538]LogModuleManager: Shutting down and abandoning module DesktopPlatform (402)
[2020.04.22-11.06.12:034][538]LogModuleManager: Shutting down and abandoning module ProfilerService (400)
[2020.04.22-11.06.12:105][538]LogModuleManager: Shutting down and abandoning module TaskGraph (398)
[2020.04.22-11.06.12:106][538]LogModuleManager: Shutting down and abandoning module SteamVRController (396)
[2020.04.22-11.06.12:106][538]LogModuleManager: Shutting down and abandoning module ProceduralMeshComponentEditor (394)
[2020.04.22-11.06.12:106][538]LogModuleManager: Shutting down and abandoning module ProceduralMeshComponent (392)
[2020.04.22-11.06.12:106][538]LogModuleManager: Shutting down and abandoning module OculusInput (390)
[2020.04.22-11.06.12:106][538]LogModuleManager: Shutting down and abandoning module MobilePatchingUtils (388)
[2020.04.22-11.06.12:106][538]LogModuleManager: Shutting down and abandoning module EditableMesh (386)
[2020.04.22-11.06.12:106][538]LogModuleManager: Shutting down and abandoning module CustomMeshComponent (384)
[2020.04.22-11.06.12:106][538]LogModuleManager: Shutting down and abandoning module CableComponent (382)
[2020.04.22-11.06.12:106][538]LogModuleManager: Shutting down and abandoning module AudioCapture (380)
[2020.04.22-11.06.12:106][538]LogModuleManager: Shutting down and abandoning module ArchVisCharacter (378)
[2020.04.22-11.06.12:106][538]LogModuleManager: Shutting down and abandoning module AndroidPermission (376)
[2020.04.22-11.06.12:107][538]LogModuleManager: Shutting down and abandoning module NUTUnrealEngine4 (374)
[2020.04.22-11.06.12:107][538]LogModuleManager: Shutting down and abandoning module NetcodeUnitTest (372)
[2020.04.22-11.06.12:107][538]LogModuleManager: Shutting down and abandoning module MediaCompositingEditor (370)
[2020.04.22-11.06.12:107][538]LogModuleManager: Shutting down and abandoning module MediaCompositing (368)
[2020.04.22-11.06.12:107][538]LogModuleManager: Shutting down and abandoning module LinearTimecode (366)
[2020.04.22-11.06.12:107][538]LogModuleManager: Shutting down and abandoning module ImgMedia (364)
[2020.04.22-11.06.12:119][538]LogModuleManager: Shutting down and abandoning module HTML5Networking (362)
[2020.04.22-11.06.12:119][538]LogModuleManager: Shutting down and abandoning module GeometryCacheTracks (360)
[2020.04.22-11.06.12:119][538]LogModuleManager: Shutting down and abandoning module GeometryCacheSequencer (358)
[2020.04.22-11.06.12:119][538]LogModuleManager: Shutting down and abandoning module BackChannel (356)
[2020.04.22-11.06.12:119][538]LogModuleManager: Shutting down and abandoning module AppleVision (354)
[2020.04.22-11.06.12:119][538]LogModuleManager: Shutting down and abandoning module AppleImageUtils (352)
[2020.04.22-11.06.12:119][538]LogModuleManager: Shutting down and abandoning module AlembicImporter (350)
[2020.04.22-11.06.12:119][538]LogModuleManager: Shutting down and abandoning module AlembicLibrary (349)
[2020.04.22-11.06.12:120][538]LogModuleManager: Shutting down and abandoning module GeometryCache (348)
[2020.04.22-11.06.12:120][538]LogModuleManager: Shutting down and abandoning module GeometryCacheEd (347)
[2020.04.22-11.06.12:120][538]LogModuleManager: Shutting down and abandoning module DatasmithContentEditor (342)
[2020.04.22-11.06.12:120][538]LogModuleManager: Shutting down and abandoning module DatasmithContent (340)
[2020.04.22-11.06.12:123][538]LogModuleManager: Shutting down and abandoning module SpeedTreeImporter (338)
[2020.04.22-11.06.12:123][538]LogModuleManager: Shutting down and abandoning module PluginBrowser (336)
[2020.04.22-11.06.12:124][538]LogModuleManager: Shutting down and abandoning module MobileLauncherProfileWizard (334)
[2020.04.22-11.06.12:124][538]LogModuleManager: Shutting down and abandoning module PolygonModeling (332)
[2020.04.22-11.06.12:124][538]LogModuleManager: Shutting down and abandoning module MeshEditor (330)
[2020.04.22-11.06.12:124][538]LogModuleManager: Shutting down and abandoning module CryptoKeysOpenSSL (328)
[2020.04.22-11.06.12:124][538]LogModuleManager: Shutting down and abandoning module CryptoKeys (326)
[2020.04.22-11.06.12:124][538]LogModuleManager: Shutting down and abandoning module VisualStudioSourceCodeAccess (324)
[2020.04.22-11.06.12:125][538]LogModuleManager: Shutting down and abandoning module VisualStudioCodeSourceCodeAccess (322)
[2020.04.22-11.06.12:125][538]LogModuleManager: Shutting down and abandoning module UObjectPlugin (320)
[2020.04.22-11.06.12:125][538]LogModuleManager: Shutting down and abandoning module SubversionSourceControl (318)
[2020.04.22-11.06.12:125][538]LogModuleManager: Shutting down and abandoning module PerforceSourceControl (316)
[2020.04.22-11.06.12:125][538]LogModuleManager: Shutting down and abandoning module GitSourceControl (314)
[2020.04.22-11.06.12:125][538]LogModuleManager: Shutting down and abandoning module SourceControl (313)
[2020.04.22-11.06.12:125][538]LogModuleManager: Shutting down and abandoning module CLionSourceCodeAccess (310)
[2020.04.22-11.06.12:125][538]LogModuleManager: Shutting down and abandoning module LightPropagationVolumeEditor (308)
[2020.04.22-11.06.12:126][538]LogModuleManager: Shutting down and abandoning module PaperTiledImporter (306)
[2020.04.22-11.06.12:126][538]LogModuleManager: Shutting down and abandoning module PaperSpriteSheetImporter (304)
[2020.04.22-11.06.12:126][538]LogModuleManager: Shutting down and abandoning module Paper2DEditor (302)
[2020.04.22-11.06.12:126][538]LogModuleManager: Shutting down and abandoning module MeshPaint (301)
[2020.04.22-11.06.12:126][538]LogModuleManager: Shutting down and abandoning module RuntimePhysXCooking (298)
[2020.04.22-11.06.12:126][538]LogModuleManager: Shutting down and abandoning module PhysXVehiclesEditor (296)
[2020.04.22-11.06.12:126][538]LogModuleManager: Shutting down and abandoning module PhysXVehicles (294)
[2020.04.22-11.06.12:127][538]LogModuleManager: Shutting down and abandoning module OculusEditor (292)
[2020.04.22-11.06.12:127][538]LogModuleManager: Shutting down and abandoning module LocationServicesBPLibrary (290)
[2020.04.22-11.06.12:127][538]LogModuleManager: Shutting down and abandoning module ImmediatePhysicsEditor (288)
[2020.04.22-11.06.12:127][538]LogModuleManager: Shutting down and abandoning module ImmediatePhysics (286)
[2020.04.22-11.06.12:127][538]LogModuleManager: Shutting down and abandoning module ActorSequence (284)
[2020.04.22-11.06.12:127][538]LogModuleManager: Shutting down and abandoning module UdpMessaging (282)
[2020.04.22-11.06.12:228][538]LogModuleManager: Shutting down and abandoning module TcpMessaging (280)
[2020.04.22-11.06.12:329][538]LogModuleManager: Shutting down and abandoning module MagicLeapAudio (278)
[2020.04.22-11.06.12:329][538]LogModuleManager: Shutting down and abandoning module GameplayTagsEditor (276)
[2020.04.22-11.06.12:329][538]LogModuleManager: Shutting down and abandoning module FacialAnimationEditor (274)
[2020.04.22-11.06.12:329][538]LogModuleManager: Shutting down and abandoning module FacialAnimation (272)
[2020.04.22-11.06.12:329][538]LogModuleManager: Shutting down and abandoning module DataValidation (270)
[2020.04.22-11.06.12:329][538]LogModuleManager: Shutting down and abandoning module AssetManagerEditor (268)
[2020.04.22-11.06.12:329][538]LogModuleManager: Shutting down and abandoning module LevelEditor (267)
[2020.04.22-11.06.12:330][538]LogModuleManager: Shutting down and abandoning module PixelInspectorModule (266)
[2020.04.22-11.06.12:330][538]LogModuleManager: Shutting down and abandoning module CommonMenuExtensions (264)
[2020.04.22-11.06.12:330][538]LogModuleManager: Shutting down and abandoning module MainFrame (262)
[2020.04.22-11.06.12:330][538]LogModuleManager: Shutting down and abandoning module HotReload (261)
[2020.04.22-11.06.12:331][538]LogModuleManager: Shutting down and abandoning module ContentBrowser (257)
[2020.04.22-11.06.12:332][538]LogModuleManager: Shutting down and abandoning module TreeMap (255)
[2020.04.22-11.06.12:332][538]LogModuleManager: Shutting down and abandoning module LightPropagationVolumeRuntime (252)
[2020.04.22-11.06.12:332][538]LogModuleManager: Shutting down and abandoning module AISupportModule (250)
[2020.04.22-11.06.12:332][538]LogModuleManager: Shutting down and abandoning module Paper2D (248)
[2020.04.22-11.06.12:332][538]LogModuleManager: Shutting down and abandoning module WindowsMoviePlayer (246)
[2020.04.22-11.06.12:333][538]LogModuleManager: Shutting down and abandoning module WmfMedia (244)
[2020.04.22-11.06.12:334][538]LogModuleManager: Shutting down and abandoning module Media (243)
[2020.04.22-11.06.12:341][538]LogModuleManager: Shutting down and abandoning module PacketHandler (240)
[2020.04.22-11.06.12:341][538]LogModuleManager: Shutting down and abandoning module ClothingSystemEditor (238)
[2020.04.22-11.06.12:341][538]LogModuleManager: Shutting down and abandoning module ClothingSystemRuntime (236)
[2020.04.22-11.06.12:342][538]LogModuleManager: Shutting down and abandoning module MediaAssets (234)
[2020.04.22-11.06.12:342][538]LogModuleManager: Shutting down and abandoning module Overlay (232)
[2020.04.22-11.06.12:342][538]LogModuleManager: Shutting down and abandoning module OverlayEditor (231)
[2020.04.22-11.06.12:342][538]LogModuleManager: Shutting down and abandoning module VREditor (228)
[2020.04.22-11.06.12:342][538]LogModuleManager: Shutting down and abandoning module StringTableEditor (226)
[2020.04.22-11.06.12:342][538]LogModuleManager: Shutting down and abandoning module GameplayTasksEditor (224)
[2020.04.22-11.06.12:342][538]LogModuleManager: Shutting down and abandoning module BehaviorTreeEditor (222)
[2020.04.22-11.06.12:342][538]LogModuleManager: Shutting down and abandoning module FunctionalTesting (220)
[2020.04.22-11.06.12:342][538]LogModuleManager: Shutting down and abandoning module CollisionAnalyzer (218)
[2020.04.22-11.06.12:342][538]LogModuleManager: Shutting down and abandoning module WorkspaceMenuStructure (217)
[2020.04.22-11.06.12:342][538]LogModuleManager: Shutting down and abandoning module UMG (214)
[2020.04.22-11.06.12:342][538]LogModuleManager: Shutting down and abandoning module UMGEditor (213)
[2020.04.22-11.06.12:342][538]LogModuleManager: Shutting down and abandoning module Sequencer (212)
[2020.04.22-11.06.12:342][538]LogModuleManager: Shutting down and abandoning module MessageLog (209)
[2020.04.22-11.06.12:342][538]LogModuleManager: Shutting down and abandoning module SlateReflector (204)
[2020.04.22-11.06.12:342][538]LogModuleManager: Shutting down and abandoning module Slate (202)
[2020.04.22-11.06.12:342][538]LogModuleManager: Shutting down and abandoning module EditorStyle (200)
[2020.04.22-11.06.12:345][538]LogModuleManager: Shutting down and abandoning module MRMesh (198)
[2020.04.22-11.06.12:345][538]LogModuleManager: Shutting down and abandoning module SourceCodeAccess (196)
[2020.04.22-11.06.12:345][538]LogModuleManager: Shutting down and abandoning module HeadMountedDisplay (194)
[2020.04.22-11.06.12:345][538]LogModuleManager: Shutting down and abandoning module XAudio2 (192)
[2020.04.22-11.06.12:345][538]LogModuleManager: Shutting down and abandoning module Networking (190)
[2020.04.22-11.06.12:345][538]LogModuleManager: Shutting down and abandoning module Core (188)
[2020.04.22-11.06.12:345][538]LogModuleManager: Shutting down and abandoning module LevelSequence (186)
[2020.04.22-11.06.12:345][538]LogModuleManager: Shutting down and abandoning module KismetCompiler (184)
[2020.04.22-11.06.12:345][538]LogModuleManager: Shutting down and abandoning module MeshUtilities (182)
[2020.04.22-11.06.12:345][538]LogModuleManager: Shutting down and abandoning module MeshMergeUtilities (181)
[2020.04.22-11.06.12:345][538]LogModuleManager: Shutting down and abandoning module MeshReductionInterface (180)
[2020.04.22-11.06.12:345][538]LogModuleManager: Shutting down and abandoning module SimplygonSwarm (179)
[2020.04.22-11.06.12:345][538]LogModuleManager: Shutting down and abandoning module ProxyLODMeshReduction (177)
[2020.04.22-11.06.12:345][538]LogModuleManager: Shutting down and abandoning module SimplygonMeshReduction (175)
[2020.04.22-11.06.12:345][538]LogModuleManager: Shutting down and abandoning module QuadricMeshReduction (173)
[2020.04.22-11.06.12:345][538]LogModuleManager: Shutting down and abandoning module MaterialBaking (169)
[2020.04.22-11.06.12:345][538]LogModuleManager: Shutting down and abandoning module DirectoryWatcher (165)
[2020.04.22-11.06.12:345][538]LogModuleManager: Shutting down and abandoning module DerivedDataCache (162)
[2020.04.22-11.06.12:356][538]LogDerivedDataCache: Shutdown
[2020.04.22-11.06.12:357][538]LogModuleManager: Shutting down and abandoning module XGEController (160)
[2020.04.22-11.06.12:357][538]LogModuleManager: Shutting down and abandoning module TargetPlatform (158)
[2020.04.22-11.06.12:357][538]LogModuleManager: Shutting down and abandoning module VulkanShaderFormat (157)
[2020.04.22-11.06.12:357][538]LogModuleManager: Shutting down and abandoning module ShaderFormatVectorVM (155)
[2020.04.22-11.06.12:357][538]LogModuleManager: Shutting down and abandoning module ShaderFormatOpenGL (153)
[2020.04.22-11.06.12:357][538]LogModuleManager: Shutting down and abandoning module ShaderFormatD3D (151)
[2020.04.22-11.06.12:357][538]LogModuleManager: Shutting down and abandoning module MetalShaderFormat (149)
[2020.04.22-11.06.12:357][538]LogModuleManager: Shutting down and abandoning module TextureFormatUncompressed (147)
[2020.04.22-11.06.12:357][538]LogModuleManager: Shutting down and abandoning module TextureFormatPVR (145)
[2020.04.22-11.06.12:357][538]LogModuleManager: Shutting down and abandoning module TextureFormatDXT (143)
[2020.04.22-11.06.12:357][538]LogModuleManager: Shutting down and abandoning module TextureFormatIntelISPCTexComp (141)
[2020.04.22-11.06.12:357][538]LogModuleManager: Shutting down and abandoning module TextureFormatASTC (139)
[2020.04.22-11.06.12:357][538]LogModuleManager: Shutting down and abandoning module ImageWrapper (138)
[2020.04.22-11.06.12:357][538]LogModuleManager: Shutting down and abandoning module TextureFormatAndroid (135)
[2020.04.22-11.06.12:357][538]LogModuleManager: Shutting down and abandoning module AudioFormatOpus (133)
[2020.04.22-11.06.12:357][538]LogModuleManager: Shutting down and abandoning module AudioFormatOgg (131)
[2020.04.22-11.06.12:357][538]LogModuleManager: Shutting down and abandoning module AudioFormatADPCM (129)
[2020.04.22-11.06.12:357][538]LogModuleManager: Shutting down and abandoning module LuminTargetPlatform (127)
[2020.04.22-11.06.12:357][538]LogModuleManager: Shutting down and abandoning module LinuxTargetPlatform (125)
[2020.04.22-11.06.12:357][538]LogModuleManager: Shutting down and abandoning module LinuxServerTargetPlatform (123)
[2020.04.22-11.06.12:357][538]LogModuleManager: Shutting down and abandoning module LinuxNoEditorTargetPlatform (121)
[2020.04.22-11.06.12:357][538]LogModuleManager: Shutting down and abandoning module LinuxClientTargetPlatform (119)
[2020.04.22-11.06.12:357][538]LogModuleManager: Shutting down and abandoning module TVOSTargetPlatform (117)
[2020.04.22-11.06.12:360][538]LogModuleManager: Shutting down and abandoning module Messaging (115)
[2020.04.22-11.06.12:360][538]LogModuleManager: Shutting down and abandoning module IOSTargetPlatform (113)
[2020.04.22-11.06.12:362][538]LogModuleManager: Shutting down and abandoning module HTML5TargetPlatform (111)
[2020.04.22-11.06.12:362][538]LogModuleManager: Shutting down and abandoning module AndroidTargetPlatform (109)
[2020.04.22-11.06.12:394][538]LogModuleManager: Shutting down and abandoning module WindowsTargetPlatform (107)
[2020.04.22-11.06.12:394][538]LogModuleManager: Shutting down and abandoning module WindowsServerTargetPlatform (105)
[2020.04.22-11.06.12:394][538]LogModuleManager: Shutting down and abandoning module WindowsNoEditorTargetPlatform (103)
[2020.04.22-11.06.12:394][538]LogModuleManager: Shutting down and abandoning module WindowsClientTargetPlatform (101)
[2020.04.22-11.06.12:394][538]LogModuleManager: Shutting down and abandoning module MacTargetPlatform (99)
[2020.04.22-11.06.12:394][538]LogModuleManager: Shutting down and abandoning module MacServerTargetPlatform (97)
[2020.04.22-11.06.12:394][538]LogModuleManager: Shutting down and abandoning module MacNoEditorTargetPlatform (95)
[2020.04.22-11.06.12:394][538]LogModuleManager: Shutting down and abandoning module MacClientTargetPlatform (93)
[2020.04.22-11.06.12:394][538]LogModuleManager: Shutting down and abandoning module AllDesktopTargetPlatform (91)
[2020.04.22-11.06.12:394][538]LogModuleManager: Shutting down and abandoning module InputCore (88)
[2020.04.22-11.06.12:394][538]LogModuleManager: Shutting down and abandoning module Settings (86)
[2020.04.22-11.06.12:394][538]LogModuleManager: Shutting down and abandoning module PhysXCooking (84)
[2020.04.22-11.06.12:394][538]LogModuleManager: Shutting down and abandoning module SteamVR (82)
[2020.04.22-11.06.12:394][538]LogModuleManager: Shutting down and abandoning module OculusHMD (80)
[2020.04.22-11.06.12:394][538]LogModuleManager: Shutting down and abandoning module ExampleDeviceProfileSelector (78)
[2020.04.22-11.06.12:394][538]LogModuleManager: Shutting down and abandoning module LauncherChunkInstaller (76)
[2020.04.22-11.06.12:395][538]LogModuleManager: Shutting down and abandoning module OnlineBlueprintSupport (74)
[2020.04.22-11.06.12:395][538]LogModuleManager: Shutting down and abandoning module OnlineSubsystem (70)
[2020.04.22-11.06.12:395][538]LogModuleManager: Shutting down and abandoning module XMPP (65)
[2020.04.22-11.06.12:396][538]LogModuleManager: Shutting down and abandoning module WebSockets (64)
[2020.04.22-11.06.12:415][538]LogModuleManager: Shutting down and abandoning module HTTP (61)
[2020.04.22-11.06.12:415][538]LogHttp: Display: Http module shutting down, but needs to wait on 1 outstanding Http requests:
[2020.04.22-11.06.12:415][538]LogHttp: Display: 	verb=[POST] url=[https://datarouter.ol.epicgames.com/datarouter/api/v1/public/data?SessionID=%7B6ED43954-45B8-2829-B678-2CB88A12D1FB%7D&AppID=UEEditor.Rocket.Release&AppVersion=4.20.3-4369336%2B%2B%2BUE4%2BRelease-4.20&UserID=d9b415524ce98541001e77b83d8638ee%7C014d2bdaf2504c12bbc0ab3a330e53d1%7C3e16f369-9dd4-4c64-89d6-f7c2930694c5&AppEnvironment=datacollector-binary&UploadType=eteventstream] status=Processing
[2020.04.22-11.06.12:447][538]LogModuleManager: Shutting down and abandoning module SSL (60)
[2020.04.22-11.06.12:448][538]LogModuleManager: Shutting down and abandoning module MagicLeapEmulator (56)
[2020.04.22-11.06.12:449][538]LogModuleManager: Shutting down and abandoning module MagicLeapPrivileges (54)
[2020.04.22-11.06.12:449][538]LogModuleManager: Shutting down and abandoning module MagicLeapIdentity (52)
[2020.04.22-11.06.12:449][538]LogModuleManager: Shutting down and abandoning module MagicLeapHelperVulkan (50)
[2020.04.22-11.06.12:449][538]LogModuleManager: Shutting down and abandoning module MagicLeapHelperOpenGL (48)
[2020.04.22-11.06.12:449][538]LogModuleManager: Shutting down and abandoning module MagicLeapSecureStorage (46)
[2020.04.22-11.06.12:449][538]LogModuleManager: Shutting down and abandoning module MagicLeapGestures (44)
[2020.04.22-11.06.12:449][538]LogModuleManager: Shutting down and abandoning module MagicLeapEyeTracker (42)
[2020.04.22-11.06.12:449][538]LogModuleManager: Shutting down and abandoning module MagicLeapController (40)
[2020.04.22-11.06.12:449][538]LogSlate: Slate User Destroyed.  User Index 0, Is Virtual User: 0
[2020.04.22-11.06.12:449][538]LogModuleManager: Shutting down and abandoning module MagicLeap (38)
[2020.04.22-11.06.12:449][538]LogModuleManager: Shutting down and abandoning module AnimationModifiers (36)
[2020.04.22-11.06.12:449][538]LogModuleManager: Shutting down and abandoning module PropertyEditor (35)
[2020.04.22-11.06.12:449][538]LogModuleManager: Shutting down and abandoning module AudioEditor (32)
[2020.04.22-11.06.12:449][538]LogModuleManager: Shutting down and abandoning module TextureCompressor (30)
[2020.04.22-11.06.12:450][538]LogModuleManager: Shutting down and abandoning module ShaderCore (28)
[2020.04.22-11.06.12:450][538]LogModuleManager: Shutting down and abandoning module Landscape (26)
[2020.04.22-11.06.12:450][538]LogModuleManager: Shutting down and abandoning module SlateRHIRenderer (24)
[2020.04.22-11.06.12:450][538]LogModuleManager: Shutting down and abandoning module OpenGLDrv (22)
[2020.04.22-11.06.12:450][538]LogModuleManager: Shutting down and abandoning module D3D11RHI (20)
[2020.04.22-11.06.12:450][538]LogModuleManager: Shutting down and abandoning module AnimGraphRuntime (18)
[2020.04.22-11.06.12:450][538]LogModuleManager: Shutting down and abandoning module Renderer (16)
[2020.04.22-11.06.12:450][538]LogModuleManager: Shutting down and abandoning module Engine (14)
[2020.04.22-11.06.12:450][538]LogModuleManager: Shutting down and abandoning module CoreUObject (12)
[2020.04.22-11.06.12:450][538]LogModuleManager: Shutting down and abandoning module NetworkFile (10)
[2020.04.22-11.06.12:450][538]LogModuleManager: Shutting down and abandoning module CookedIterativeFile (8)
[2020.04.22-11.06.12:451][538]LogModuleManager: Shutting down and abandoning module StreamingFile (6)
[2020.04.22-11.06.12:451][538]LogModuleManager: Shutting down and abandoning module SandboxFile (4)
[2020.04.22-11.06.12:451][538]LogModuleManager: Shutting down and abandoning module PakFile (2)
[2020.04.22-11.06.12:455][538]LogExit: Exiting.
[2020.04.22-11.06.12:468][538]Log file closed, 04/22/20 13:06:12
