Log file open, 04/30/20 22:56:35
LogWindows: Failed to load 'aqProf.dll' (GetLastError=126)
LogWindows: File 'aqProf.dll' does not exist
LogWindows: Failed to load 'VSPerf140.dll' (GetLastError=126)
LogWindows: File 'VSPerf140.dll' does not exist
LogWindows: Failed to load 'VtuneApi.dll' (GetLastError=126)
LogWindows: File 'VtuneApi.dll' does not exist
LogWindows: Failed to load 'VtuneApi32e.dll' (GetLastError=126)
LogWindows: File 'VtuneApi32e.dll' does not exist
LogInit: Display: Running engine for game: BPJuliaKonarczak
LogPlatformFile: Not using cached read wrapper
LogTaskGraph: Started task graph with 5 named threads and 11 total threads with 3 sets of task threads.
LogStats: Stats thread started at 0.231571
LogD3D11RHI: Loaded GFSDK_Aftermath_Lib.x64.dll
LogICUInternationalization: Display: ICU TimeZone Detection - Raw Offset: +1:00, Platform Override: ''
LogPluginManager: Mounting plugin Paper2D
LogPluginManager: Mounting plugin AISupport
LogPluginManager: Mounting plugin LightPropagationVolume
LogPluginManager: Mounting plugin CLionSourceCodeAccess
LogPluginManager: Mounting plugin CodeLiteSourceCodeAccess
LogPluginManager: Mounting plugin GitSourceControl
LogPluginManager: Mounting plugin KDevelopSourceCodeAccess
LogPluginManager: Mounting plugin NullSourceCodeAccess
LogPluginManager: Mounting plugin PerforceSourceControl
LogPluginManager: Mounting plugin SubversionSourceControl
LogPluginManager: Mounting plugin UObjectPlugin
LogPluginManager: Mounting plugin VisualStudioCodeSourceCodeAccess
LogPluginManager: Mounting plugin VisualStudioSourceCodeAccess
LogPluginManager: Mounting plugin XCodeSourceCodeAccess
LogPluginManager: Mounting plugin AssetManagerEditor
LogPluginManager: Mounting plugin CryptoKeys
LogPluginManager: Mounting plugin DataValidation
LogPluginManager: Mounting plugin FacialAnimation
LogPluginManager: Mounting plugin GameplayTagsEditor
LogPluginManager: Mounting plugin MacGraphicsSwitching
LogPluginManager: Mounting plugin MeshEditor
LogPluginManager: Mounting plugin MobileLauncherProfileWizard
LogPluginManager: Mounting plugin PluginBrowser
LogPluginManager: Mounting plugin SpeedTreeImporter
LogPluginManager: Mounting plugin DatasmithContent
LogPluginManager: Mounting plugin AlembicImporter
LogPluginManager: Mounting plugin AppleImageUtils
LogPluginManager: Mounting plugin AppleVision
LogPluginManager: Mounting plugin BackChannel
LogPluginManager: Mounting plugin CharacterAI
LogPluginManager: Mounting plugin GeometryCache
LogPluginManager: Mounting plugin HTML5Networking
LogPluginManager: Mounting plugin ProxyLODPlugin
LogPluginManager: Mounting plugin MagicLeap
LogPluginManager: Mounting plugin MagicLeapEmulator
LogPluginManager: Mounting plugin MagicLeapMedia
LogPluginManager: Mounting plugin AndroidMedia
LogPluginManager: Mounting plugin AvfMedia
LogPluginManager: Mounting plugin ImgMedia
LogPluginManager: Mounting plugin LinearTimecode
LogPluginManager: Mounting plugin MediaCompositing
LogPluginManager: Mounting plugin MediaPlayerEditor
LogPluginManager: Mounting plugin WmfMedia
LogPluginManager: Mounting plugin TcpMessaging
LogPluginManager: Mounting plugin UdpMessaging
LogPluginManager: Mounting plugin ActorSequence
LogPluginManager: Mounting plugin LevelSequenceEditor
LogPluginManager: Mounting plugin MatineeToLevelSequence
LogPluginManager: Mounting plugin NetcodeUnitTest
LogPluginManager: Mounting plugin NUTUnrealEngine4
LogPluginManager: Mounting plugin OnlineSubsystemGooglePlay
LogPluginManager: Mounting plugin OnlineSubsystemIOS
LogPluginManager: Mounting plugin OnlineSubsystem
LogPluginManager: Mounting plugin OnlineSubsystemNull
LogPluginManager: Mounting plugin OnlineSubsystemUtils
LogPluginManager: Mounting plugin LauncherChunkInstaller
LogPluginManager: Mounting plugin AndroidDeviceProfileSelector
LogPluginManager: Mounting plugin AndroidMoviePlayer
LogPluginManager: Mounting plugin AndroidPermission
LogPluginManager: Mounting plugin AppleMoviePlayer
LogPluginManager: Mounting plugin ArchVisCharacter
LogPluginManager: Mounting plugin AudioCapture
LogPluginManager: Mounting plugin CableComponent
LogPluginManager: Mounting plugin CustomMeshComponent
LogPluginManager: Mounting plugin EditableMesh
LogPluginManager: Mounting plugin ExampleDeviceProfileSelector
LogPluginManager: Mounting plugin GoogleCloudMessaging
LogPluginManager: Mounting plugin ImmediatePhysics
LogPluginManager: Mounting plugin IOSDeviceProfileSelector
LogPluginManager: Mounting plugin LinuxDeviceProfileSelector
LogPluginManager: Mounting plugin LocationServicesBPLibrary
LogPluginManager: Mounting plugin MobilePatchingUtils
LogPluginManager: Mounting plugin OculusVR
LogPluginManager: Plugin shader directory ../../../Engine/Plugins/Runtime/Oculus/OculusVR/Shaders found
LogPluginManager: Mapping shader source directory ../../../Engine/Plugins/Runtime/Oculus/OculusVR/Shaders to virtual directory /Plugin/OculusVR
LogPluginManager: Mounting plugin PhysXVehicles
LogPluginManager: Mounting plugin ProceduralMeshComponent
LogPluginManager: Mounting plugin RuntimePhysXCooking
LogPluginManager: Mounting plugin SteamVR
LogPluginManager: Mounting plugin WindowsMoviePlayer
LogStreaming: Display: Took  0.558s to configure plugins.
LogInit: Using libcurl 7.55.1-DEV
LogInit:  - built for x86_64-pc-win32
LogInit:  - supports SSL with OpenSSL/1.0.2h
LogInit:  - supports HTTP deflate (compression) using libz 1.2.8
LogInit:  - other features:
LogInit:      CURL_VERSION_SSL
LogInit:      CURL_VERSION_LIBZ
LogInit:      CURL_VERSION_IPV6
LogInit:      CURL_VERSION_ASYNCHDNS
LogInit:      CURL_VERSION_LARGEFILE
LogInit:      CURL_VERSION_IDN
LogInit:  CurlRequestOptions (configurable via config and command line):
LogInit:  - bVerifyPeer = false  - Libcurl will NOT verify peer certificate
LogInit:  - bUseHttpProxy = false  - Libcurl will NOT use HTTP proxy
LogInit:  - bDontReuseConnections = false  - Libcurl will reuse connections
LogInit:  - CertBundlePath = nullptr  - Libcurl will use whatever was configured at build time.
LogInit:  - MaxHostConnections = 16  - Libcurl will limit the number of connections to a host
LogInit:  - LocalHostAddr = Default
LogInit:  - BufferSize = 65536
LogInit: WinSock: version 1.1 (2.2), MaxSocks=32767, MaxUdp=65467
LogInit: Build: ++UE4+Release-4.20-CL-4369336
LogInit: Engine Version: 4.20.3-4369336+++UE4+Release-4.20
LogInit: Compatible Engine Version: 4.20.0-4212847+++UE4+Release-4.20
LogInit: Net CL: 4212847
LogInit: OS: Windows 10 (), CPU: Intel(R) Core(TM) i5-4200M CPU @ 2.50GHz, GPU: Intel(R) HD Graphics 4600
LogInit: Compiled (64-bit): Sep 17 2018 12:26:19
LogInit: Compiled with Visual C++: 19.13.26129.00
LogInit: Build Configuration: Development
LogInit: Branch Name: ++UE4+Release-4.20
LogInit: Command Line: 
LogInit: Base Directory: C:/Program Files/Epic Games/UE_4.20/Engine/Binaries/Win64/
LogInit: Installed Engine Build: 1
LogDevObjectVersion: Number of dev versions registered: 20
LogDevObjectVersion:   Dev-Blueprints (B0D832E4-1F89-4F0D-ACCF-7EB736FD4AA2): 10
LogDevObjectVersion:   Dev-Build (E1C64328-A22C-4D53-A36C-8E866417BD8C): 0
LogDevObjectVersion:   Dev-Core (375EC13C-06E4-48FB-B500-84F0262A717E): 2
LogDevObjectVersion:   Dev-Editor (E4B068ED-F494-42E9-A231-DA0B2E46BB41): 24
LogDevObjectVersion:   Dev-Framework (CFFC743F-43B0-4480-9391-14DF171D2073): 34
LogDevObjectVersion:   Dev-Mobile (B02B49B5-BB20-44E9-A304-32B752E40360): 2
LogDevObjectVersion:   Dev-Networking (A4E4105C-59A1-49B5-A7C5-40C4547EDFEE): 0
LogDevObjectVersion:   Dev-Online (39C831C9-5AE6-47DC-9A44-9C173E1C8E7C): 0
LogDevObjectVersion:   Dev-Physics (78F01B33-EBEA-4F98-B9B4-84EACCB95AA2): 0
LogDevObjectVersion:   Dev-Platform (6631380F-2D4D-43E0-8009-CF276956A95A): 0
LogDevObjectVersion:   Dev-Rendering (12F88B9F-8875-4AFC-A67C-D90C383ABD29): 26
LogDevObjectVersion:   Dev-Sequencer (7B5AE74C-D270-4C10-A958-57980B212A5A): 9
LogDevObjectVersion:   Dev-VR (D7296918-1DD6-4BDD-9DE2-64A83CC13884): 2
LogDevObjectVersion:   Dev-LoadTimes (C2A15278-BFE7-4AFE-6C17-90FF531DF755): 1
LogDevObjectVersion:   Private-Geometry (6EACA3D4-40EC-4CC1-B786-8BED09428FC5): 3
LogDevObjectVersion:   Dev-AnimPhys (29E575DD-E0A3-4627-9D10-D276232CDCEA): 17
LogDevObjectVersion:   Dev-ReflectionCapture (6B266CEC-1EC7-4B8F-A30B-E4D90942FC07): 1
LogDevObjectVersion:   Dev-Automation (0DF73D61-A23F-47EA-B727-89E90C41499A): 1
LogDevObjectVersion:   FortniteMain (601D1886-AC64-4F84-AA16-D3DE0DEAC7D6): 12
LogDevObjectVersion:   Dev-Enterprise (9DFFBCD6-494F-0158-E221-12823C92A888): 1
LogStreaming: Display: Took  0.016s to delete old logs.
LogInit: Presizing for max 8388607 objects, including 0 objects not considered by GC, pre-allocating 0 bytes for permanent pool.
LogInit: Object subsystem initialized
[2020.04.30-20.56.36:197][  0]LogInit: Selected Device Profile: [Windows]
[2020.04.30-20.56.36:197][  0]LogInit: Applying CVar settings loaded from the selected device profile: [Windows]
[2020.04.30-20.56.36:225][  0]LogHAL: Display: Platform has ~ 8 GB [8501403648 / 8589934592 / 8], which maps to Default [LargestMinGB=32, LargerMinGB=12, DefaultMinGB=8, SmallerMinGB=6, SmallestMinGB=0)
[2020.04.30-20.56.36:225][  0]LogInit: Setting Device Profile CVar: [[r.Vulkan.UseRealUBs:1]]
[2020.04.30-20.56.36:225][  0]LogInit: Going up to parent DeviceProfile []
[2020.04.30-20.56.36:226][  0]LogInit: Computer: DESKTOP-BLCTDO3
[2020.04.30-20.56.36:226][  0]LogInit: User: Admin
[2020.04.30-20.56.36:226][  0]LogInit: CPU Page size=4096, Cores=2
[2020.04.30-20.56.36:226][  0]LogInit: High frequency timer resolution =10.000000 MHz
[2020.04.30-20.56.36:227][  0]LogMemory: Memory total: Physical=7.9GB (8GB approx)
[2020.04.30-20.56.36:227][  0]LogMemory: Platform Memory Stats for Windows
[2020.04.30-20.56.36:227][  0]LogMemory: Process Physical Memory: 100.83 MB used, 100.84 MB peak
[2020.04.30-20.56.36:227][  0]LogMemory: Process Virtual Memory: 84.04 MB used, 84.04 MB peak
[2020.04.30-20.56.36:227][  0]LogMemory: Physical Memory: 4145.05 MB used,  3962.52 MB free, 8107.57 MB total
[2020.04.30-20.56.36:227][  0]LogMemory: Virtual Memory: 4590.32 MB used,  3962.52 MB free, 134217728.00 MB total
[2020.04.30-20.56.36:260][  0]LogInit: Using OS detected language (pl-PL).
[2020.04.30-20.56.36:260][  0]LogInit: Using OS detected locale (pl-PL).
[2020.04.30-20.56.36:263][  0]LogTextLocalizationManager: No specific localization for 'pl-PL' exists, so the 'pl' localization will be used.
[2020.04.30-20.56.36:269][  0]LogStreaming: Display: Took  0.009s to InitEngineTextLocalization.
[2020.04.30-20.56.36:270][  0]LogInit: Setting process to per monitor DPI aware
[2020.04.30-20.56.36:330][  0]LogSlate: New Slate User Created.  User Index 0, Is Virtual User: 0
[2020.04.30-20.56.36:330][  0]LogSlate: Slate User Registered.  User Index 0, Is Virtual User: 0
[2020.04.30-20.56.36:811][  0]LogHMD: Failed to initialize OpenVR with code 110
[2020.04.30-20.56.36:811][  0]LogD3D11RHI: D3D11 adapters:
[2020.04.30-20.56.36:821][  0]LogD3D11RHI:    0. 'Intel(R) HD Graphics 4600' (Feature Level 11_0)
[2020.04.30-20.56.36:821][  0]LogD3D11RHI:       112/0/2048 MB DedicatedVideo/DedicatedSystem/SharedSystem, Outputs:1, VendorId:0x8086
[2020.04.30-20.56.36:825][  0]LogD3D11RHI:    1. 'Microsoft Basic Render Driver' (Feature Level 11_0)
[2020.04.30-20.56.36:825][  0]LogD3D11RHI:       0/0/4053 MB DedicatedVideo/DedicatedSystem/SharedSystem, Outputs:0, VendorId:0x1414
[2020.04.30-20.56.36:825][  0]LogD3D11RHI: Chosen D3D11 Adapter: 0
[2020.04.30-20.56.36:831][  0]LogD3D11RHI: Creating new Direct3DDevice
[2020.04.30-20.56.36:831][  0]LogD3D11RHI:     GPU DeviceId: 0x416 (for the marketing name, search the web for "GPU Device Id")
[2020.04.30-20.56.36:831][  0]LogWindows: EnumDisplayDevices:
[2020.04.30-20.56.36:831][  0]LogWindows:    0. 'Intel(R) HD Graphics 4600' (P:1 D:1)
[2020.04.30-20.56.36:832][  0]LogWindows:    1. 'Intel(R) HD Graphics 4600' (P:0 D:0)
[2020.04.30-20.56.36:833][  0]LogWindows:    2. 'Intel(R) HD Graphics 4600' (P:0 D:0)
[2020.04.30-20.56.36:834][  0]LogWindows: DebugString: FoundDriverCount:3 
[2020.04.30-20.56.36:834][  0]LogD3D11RHI:     Adapter Name: Intel(R) HD Graphics 4600
[2020.04.30-20.56.36:834][  0]LogD3D11RHI:   Driver Version: 20.19.15.4531 (internal:20.19.15.4531, unified:20.19.15.4531)
[2020.04.30-20.56.36:834][  0]LogD3D11RHI:      Driver Date: 9-29-2016
[2020.04.30-20.56.36:834][  0]LogRHI: Texture pool is 795 MB (70% of 1136 MB)
[2020.04.30-20.56.36:843][  0]LogD3D11RHI: Async texture creation enabled
[2020.04.30-20.56.36:850][  0]LogD3D11RHI: GPU Timing Frequency: 12.500000 (Debug: 2 0)
[2020.04.30-20.56.36:852][  0]LogShaderCompilers: Guid format shader working directory is -33 characters bigger than the processId version (../../../../../../Users/Admin/Desktop/programowanie zadanie 1/BPJuliaKonarczak/Intermediate/Shaders/WorkingDirectory/11144/).
[2020.04.30-20.56.36:853][  0]LogShaderCompilers: Cleaned the shader compiler working directory 'C:/Users/Admin/AppData/Local/Temp/UnrealShaderWorkingDir/17C2B9B8434CF86FC8D5F89CCE939D07/'.
[2020.04.30-20.56.37:301][  0]LogTemp: Display: Loaded TP AllDesktopTargetPlatform
[2020.04.30-20.56.37:321][  0]LogTemp: Display: Loaded TP MacClientTargetPlatform
[2020.04.30-20.56.37:341][  0]LogTemp: Display: Loaded TP MacNoEditorTargetPlatform
[2020.04.30-20.56.37:361][  0]LogTemp: Display: Loaded TP MacServerTargetPlatform
[2020.04.30-20.56.37:382][  0]LogTemp: Display: Loaded TP MacTargetPlatform
[2020.04.30-20.56.37:401][  0]LogTemp: Display: Loaded TP WindowsClientTargetPlatform
[2020.04.30-20.56.37:422][  0]LogTemp: Display: Loaded TP WindowsNoEditorTargetPlatform
[2020.04.30-20.56.37:444][  0]LogTemp: Display: Loaded TP WindowsServerTargetPlatform
[2020.04.30-20.56.37:466][  0]LogTemp: Display: Loaded TP WindowsTargetPlatform
[2020.04.30-20.56.37:604][  0]LogTemp: Display: Loaded TP AndroidTargetPlatform
[2020.04.30-20.56.37:604][  0]LogTemp: Display: Loaded TP AndroidTargetPlatform
[2020.04.30-20.56.37:604][  0]LogTemp: Display: Loaded TP AndroidTargetPlatform
[2020.04.30-20.56.37:604][  0]LogTemp: Display: Loaded TP AndroidTargetPlatform
[2020.04.30-20.56.37:604][  0]LogTemp: Display: Loaded TP AndroidTargetPlatform
[2020.04.30-20.56.37:604][  0]LogTemp: Display: Loaded TP AndroidTargetPlatform
[2020.04.30-20.56.37:604][  0]LogTemp: Display: Loaded TP AndroidTargetPlatform
[2020.04.30-20.56.37:604][  0]LogTemp: Display: Loaded TP AndroidTargetPlatform
[2020.04.30-20.56.37:604][  0]LogTemp: Display: Loaded TP AndroidTargetPlatform
[2020.04.30-20.56.37:604][  0]LogTemp: Display: Loaded TP AndroidTargetPlatform
[2020.04.30-20.56.37:604][  0]LogTemp: Display: Loaded TP AndroidTargetPlatform
[2020.04.30-20.56.37:604][  0]LogTemp: Display: Loaded TP AndroidTargetPlatform
[2020.04.30-20.56.37:604][  0]LogTemp: Display: Loaded TP AndroidTargetPlatform
[2020.04.30-20.56.37:605][  0]LogTemp: Display: Loaded TP AndroidTargetPlatform
[2020.04.30-20.56.37:605][  0]LogTemp: Display: Loaded TP AndroidTargetPlatform
[2020.04.30-20.56.37:605][  0]LogTemp: Display: Loaded TP AndroidTargetPlatform
[2020.04.30-20.56.37:605][  0]LogTemp: Display: Loaded TP AndroidTargetPlatform
[2020.04.30-20.56.37:605][  0]LogTemp: Display: Loaded TP AndroidTargetPlatform
[2020.04.30-20.56.37:608][  0]LogTemp: Display: Loaded TP HTML5TargetPlatform
[2020.04.30-20.56.37:687][  0]LogTemp: Display: Loaded TP IOSTargetPlatform
[2020.04.30-20.56.37:687][  0]LogTemp: Display: Loaded TP IOSTargetPlatform
[2020.04.30-20.56.37:723][  0]LogTemp: Display: Loaded TP TVOSTargetPlatform
[2020.04.30-20.56.37:723][  0]LogTemp: Display: Loaded TP TVOSTargetPlatform
[2020.04.30-20.56.37:742][  0]LogTemp: Display: Loaded TP LinuxClientTargetPlatform
[2020.04.30-20.56.37:761][  0]LogTemp: Display: Loaded TP LinuxNoEditorTargetPlatform
[2020.04.30-20.56.37:779][  0]LogTemp: Display: Loaded TP LinuxServerTargetPlatform
[2020.04.30-20.56.37:802][  0]LogTemp: Display: Loaded TP LinuxTargetPlatform
[2020.04.30-20.56.37:816][  0]LogTemp: Display: Loaded TP LuminTargetPlatform
[2020.04.30-20.56.37:817][  0]LogTargetPlatformManager: Display: Building Assets For Windows
[2020.04.30-20.56.37:944][  0]LogXGEController: Cannot use XGE Controller as Incredibuild is not installed on this machine.
[2020.04.30-20.56.37:944][  0]LogShaderCompilers: Cannot use XGE Shader Compiler as Incredibuild is not installed on this machine.
[2020.04.30-20.56.37:944][  0]LogShaderCompilers: Display: Using Local Shader Compiler.
[2020.04.30-20.56.39:633][  0]LogDerivedDataCache: Display: Max Cache Size: 512 MB
[2020.04.30-20.56.39:708][  0]LogDerivedDataCache: Loaded boot cache 0.07s 71MB C:/Users/Admin/AppData/Local/UnrealEngine/4.20/DerivedDataCache/Boot.ddc.
[2020.04.30-20.56.39:708][  0]LogDerivedDataCache: Display: Loaded Boot cache: C:/Users/Admin/AppData/Local/UnrealEngine/4.20/DerivedDataCache/Boot.ddc
[2020.04.30-20.56.39:708][  0]LogDerivedDataCache: FDerivedDataBackendGraph:  Pak pak cache file ../../../../../../Users/Admin/Desktop/programowanie zadanie 1/BPJuliaKonarczak/DerivedDataCache/DDC.ddp not found, will not use a pak cache.
[2020.04.30-20.56.39:708][  0]LogDerivedDataCache: Unable to find inner node Pak for hierarchical cache Hierarchy.
[2020.04.30-20.56.39:708][  0]LogDerivedDataCache: FDerivedDataBackendGraph:  CompressedPak pak cache file ../../../../../../Users/Admin/Desktop/programowanie zadanie 1/BPJuliaKonarczak/DerivedDataCache/Compressed.ddp not found, will not use a pak cache.
[2020.04.30-20.56.39:709][  0]LogDerivedDataCache: Unable to find inner node CompressedPak for hierarchical cache Hierarchy.
[2020.04.30-20.56.39:729][  0]LogDerivedDataCache: Display: Pak cache opened for reading ../../../Engine/DerivedDataCache/Compressed.ddp.
[2020.04.30-20.56.39:743][  0]LogDerivedDataCache: Using Local data cache path C:/Users/Admin/AppData/Local/UnrealEngine/Common/DerivedDataCache: Writable
[2020.04.30-20.56.39:743][  0]LogDerivedDataCache: Shared data cache path not found in *engine.ini, will not use an Shared cache.
[2020.04.30-20.56.39:743][  0]LogDerivedDataCache: Unable to find inner node Shared for hierarchical cache Hierarchy.
[2020.04.30-20.56.39:775][  0]LogMaterial: Verifying Global Shaders for PCD3D_SM5
[2020.04.30-20.56.39:777][  0]LogSlate: Using FreeType 2.6.0
[2020.04.30-20.56.39:778][  0]LogSlate: SlateFontServices - WITH_FREETYPE: 1, WITH_HARFBUZZ: 1
[2020.04.30-20.56.39:903][  0]LogAssetRegistry: FAssetRegistry took 0.0293 seconds to start up
[2020.04.30-20.56.40:542][  0]LogInit: Selected Device Profile: [Windows]
[2020.04.30-20.56.40:816][  0]LogSimplygon: Simplygon DLL not present - disabling.
[2020.04.30-20.56.40:825][  0]LogMeshReduction: Using SimplygonSwarm for distributed automatic mesh merging
[2020.04.30-20.56.40:825][  0]LogMeshReduction: Using ProxyLODMeshReduction for automatic mesh merging
[2020.04.30-20.56.40:825][  0]LogMeshReduction: Using QuadricMeshReduction for automatic static mesh reduction
[2020.04.30-20.56.40:825][  0]LogMeshReduction: No automatic skeletal mesh reduction module available
[2020.04.30-20.56.40:846][  0]LogNetVersion: BPJuliaKonarczak 1.0.0, NetCL: 4212847, EngineNetVer: 5, GameNetVer: 0 (Checksum: 215815756)
[2020.04.30-20.56.41:664][  0]LogPackageLocalizationCache: Processed 11 localized package path(s) for 2 prioritized culture(s) in 0.232580 seconds
[2020.04.30-20.56.41:671][  0]LogUObjectArray: 38425 objects as part of root set at end of initial load.
[2020.04.30-20.56.41:671][  0]LogUObjectAllocator: 6690864 out of 0 bytes used by permanent object pool.
[2020.04.30-20.56.41:671][  0]LogUObjectArray: CloseDisregardForGC: 0/0 objects in disregard for GC pool
[2020.04.30-20.56.43:235][  0]LogTcpMessaging: Initializing TcpMessaging bridge
[2020.04.30-20.56.43:250][  0]LogUdpMessaging: Initializing bridge on interface 0.0.0.0:0 to multicast group 230.0.0.1:6666.
[2020.04.30-20.56.43:467][  0]SourceControl: Source control is disabled
[2020.04.30-20.56.43:467][  0]SourceControl: Source control is disabled
[2020.04.30-20.56.43:469][  0]SourceControl: Source control is disabled
[2020.04.30-20.56.43:471][  0]SourceControl: Source control is disabled
[2020.04.30-20.56.43:743][  0]LogAndroidPermission: UAndroidPermissionCallbackProxy::GetInstance
[2020.04.30-20.56.43:863][  0]LogOcInput: OculusInput pre-init called
[2020.04.30-20.56.43:947][  0]LogEngine: Initializing Engine...
[2020.04.30-20.56.43:948][  0]LogHMD: Failed to initialize OpenVR with code 110
[2020.04.30-20.56.43:950][  0]LogStats: UGameplayTagsManager::ConstructGameplayTagTree: ImportINI prefixes -  0.000 s
[2020.04.30-20.56.43:950][  0]LogStats: UGameplayTagsManager::ConstructGameplayTagTree: Construct from data asset -  0.000 s
[2020.04.30-20.56.43:950][  0]LogStats: UGameplayTagsManager::ConstructGameplayTagTree: ImportINI -  0.000 s
[2020.04.30-20.56.43:950][  0]LogStats: UGameplayTagsManager::ConstructGameplayTagTree: GameplayTagTreeChangedEvent.Broadcast -  0.000 s
[2020.04.30-20.56.44:224][  0]LogInit: Initializing FReadOnlyCVARCache
[2020.04.30-20.56.44:256][  0]LogAIModule: Creating AISystem for world Untitled
[2020.04.30-20.56.44:270][  0]LogInit: XAudio2 using 'Głośnik/Słuchawki (Realtek High Definition Audio)' : 2 channels at 48 kHz using 32 bits per sample (channel mask 0x3)
[2020.04.30-20.56.44:393][  0]LogInit: FAudioDevice initialized.
[2020.04.30-20.56.44:393][  0]LogNetVersion: Set ProjectVersion to 1.0.0.0. Version Checksum will be recalculated on next use.
[2020.04.30-20.56.44:610][  0]LogDerivedDataCache: Saved boot cache 0.22s 71MB C:/Users/Admin/AppData/Local/UnrealEngine/4.20/DerivedDataCache/Boot.ddc.
[2020.04.30-20.56.44:620][  0]LogInit: Texture streaming: Enabled
[2020.04.30-20.56.44:670][  0]LogEngineSessionManager: EngineSessionManager initialized
[2020.04.30-20.56.44:698][  0]LogInit: Transaction tracking system initialized
[2020.04.30-20.56.44:757][  0]BlueprintLog: New page: Editor Load
[2020.04.30-20.56.44:921][  0]LocalizationService: Localization service is disabled
[2020.04.30-20.56.45:494][  0]LogCook: Display: Max memory allowance for cook 16384mb min free memory 0mb
[2020.04.30-20.56.45:494][  0]LogCook: Display: Mobile HDR setting 1
[2020.04.30-20.56.45:494][  0]LogGameplayTags: Display: UGameplayTagsManager::DoneAddingNativeTags. DelegateIsBound: 0
[2020.04.30-20.56.45:494][  0]LogStats: UGameplayTagsManager::ConstructGameplayTagTree: ImportINI prefixes -  0.000 s
[2020.04.30-20.56.45:494][  0]LogStats: UGameplayTagsManager::ConstructGameplayTagTree: Construct from data asset -  0.000 s
[2020.04.30-20.56.45:495][  0]LogStats: UGameplayTagsManager::ConstructGameplayTagTree: ImportINI -  0.000 s
[2020.04.30-20.56.45:495][  0]LogStats: UGameplayTagsManager::ConstructGameplayTagTree: GameplayTagTreeChangedEvent.Broadcast -  0.000 s
[2020.04.30-20.56.45:710][  0]LogFileCache: Scanning file cache for directory 'C:/Users/Admin/Desktop/programowanie zadanie 1/BPJuliaKonarczak/Content/' took 0.03s
[2020.04.30-20.56.45:710][  0]SourceControl: Source control is disabled
[2020.04.30-20.56.45:710][  0]Cmd: MAP LOAD FILE="../../../../../../Users/Admin/Desktop/programowanie zadanie 1/BPJuliaKonarczak/Content/StarterContent/Maps/Minimal_Default.umap" TEMPLATE=0 SHOWPROGRESS=1 FEATURELEVEL=3
[2020.04.30-20.56.45:711][  0]LightingResults: New page: Lighting Build
[2020.04.30-20.56.45:717][  0]MapCheck: New page: Map Check
[2020.04.30-20.56.45:717][  0]LightingResults: New page: Lighting Build
[2020.04.30-20.56.48:088][  0]LogAIModule: Creating AISystem for world Minimal_Default
[2020.04.30-20.56.48:168][  0]LogEditorServer: Finished looking for orphan Actors (0.000 secs)
[2020.04.30-20.56.48:226][  0]Cmd: MAP CHECKDEP NOCLEARLOG
[2020.04.30-20.56.48:411][  0]MapCheck: Map check complete: 0 Error(s), 0 Warning(s), took 184,447ms to complete.
[2020.04.30-20.56.48:411][  0]LogFileHelpers: Loading map 'Minimal_Default' took 2.701
[2020.04.30-20.56.48:897][  0]LogSlate: Updating window title bar state: overlay mode, drag disabled, window buttons hidden, title bar hidden
[2020.04.30-20.56.48:929][  0]LogSlate: Updating window title bar state: overlay mode, drag disabled, window buttons hidden, title bar hidden
[2020.04.30-20.56.48:945][  0]LogSlate: Updating window title bar state: overlay mode, drag disabled, window buttons hidden, title bar hidden
[2020.04.30-20.56.48:958][  0]LogSlate: Updating window title bar state: overlay mode, drag disabled, window buttons hidden, title bar hidden
[2020.04.30-20.56.49:158][  0]LogCollectionManager: Loaded 0 collections in 0.019652 seconds
[2020.04.30-20.56.49:328][  0]LogFileCache: Scanning file cache for directory 'C:/Users/Admin/Desktop/programowanie zadanie 1/BPJuliaKonarczak/Saved/Collections/' took 0.01s
[2020.04.30-20.56.49:328][  0]LogFileCache: Scanning file cache for directory 'C:/Users/Admin/Desktop/programowanie zadanie 1/BPJuliaKonarczak/Content/Developers/Admin/Collections/' took 0.01s
[2020.04.30-20.56.49:328][  0]LogFileCache: Scanning file cache for directory 'C:/Users/Admin/Desktop/programowanie zadanie 1/BPJuliaKonarczak/Content/Collections/' took 0.01s
[2020.04.30-20.56.49:328][  0]LogCollectionManager: Rebuilt the GUID cache for 0 collections in 0.000002 seconds
[2020.04.30-20.56.49:387][  0]LogContentBrowser: Native class hierarchy populated in 0.0405 seconds. Added 2572 classes and 603 folders.
[2020.04.30-20.56.49:501][  0]LogContentBrowser: Native class hierarchy updated for 'WidgetCarousel' in 0.0010 seconds. Added 0 classes and 0 folders.
[2020.04.30-20.56.51:034][  0]LogContentBrowser: Native class hierarchy updated for 'AddContentDialog' in 0.0011 seconds. Added 0 classes and 0 folders.
[2020.04.30-20.56.51:157][  0]LogContentBrowser: Native class hierarchy updated for 'SceneOutliner' in 0.0011 seconds. Added 1 classes and 2 folders.
[2020.04.30-20.56.51:310][  0]LogSlate: Took 0.001329 seconds to synchronously load lazily loaded font '../../../Engine/Content/Slate/Fonts/Roboto-Regular.ttf' (155K)
[2020.04.30-20.56.51:327][  0]LogSlate: Took 0.001460 seconds to synchronously load lazily loaded font '../../../Engine/Content/Slate/Fonts/Roboto-Bold.ttf' (160K)
[2020.04.30-20.56.51:344][  0]LogSlate: Took 0.008087 seconds to synchronously load lazily loaded font '../../../Engine/Content/Editor/Slate/Fonts/FontAwesome.ttf' (139K)
[2020.04.30-20.56.51:431][  0]LogRenderer: Reallocating scene render targets to support 1056x456 Format 10 NumSamples 1 (Frame:1).
[2020.04.30-20.56.51:679][  0]LogContentBrowser: Native class hierarchy updated for 'HierarchicalLODOutliner' in 0.0007 seconds. Added 0 classes and 0 folders.
[2020.04.30-20.56.51:679][  0]LogLoad: (Engine Initialization) Total time: 19.89 seconds
[2020.04.30-20.56.51:679][  0]LogLoad: (Engine Initialization) Total Blueprint compile time: 0.00 seconds
[2020.04.30-20.56.51:744][  0]LogContentStreaming: Texture pool size now 1000 MB
[2020.04.30-20.56.51:898][  0]LogSlate: Took 0.010576 seconds to synchronously load lazily loaded font '../../../Engine/Content/Slate/Fonts/Roboto-Light.ttf' (167K)
[2020.04.30-20.56.52:723][  3]LogAssetRegistry: Asset discovery search completed in 12.8426 seconds
[2020.04.30-20.56.52:727][  3]LogCollectionManager: Rebuilt the object cache for 0 collections in 0.000001 seconds (found 0 objects)
[2020.04.30-20.56.52:727][  3]LogCollectionManager: Fixed up redirectors for 0 collections in 0.000113 seconds (updated 0 objects)
[2020.04.30-20.57.09:030][ 52]LogSlate: FSceneViewport::OnFocusLost() reason 0
[2020.04.30-20.57.31:071][943]Cmd: EDIT CUT
[2020.04.30-20.57.31:142][943]LogEditorActor: Deleted Actor: StaticMeshActor
[2020.04.30-20.57.31:175][943]LogEditorActor: Deleted 1 Actors (0.076 secs)
[2020.04.30-20.57.46:920][822]Cmd: EDIT CUT
[2020.04.30-20.57.46:926][822]LogEditorActor: Deleted Actor: StaticMeshActor
[2020.04.30-20.57.46:947][822]LogEditorActor: Deleted 1 Actors (0.023 secs)
[2020.04.30-20.57.51:494][ 85]Cmd: EDIT CUT
[2020.04.30-20.57.51:503][ 85]LogEditorActor: Deleted Actor: StaticMeshActor
[2020.04.30-20.57.51:523][ 85]LogEditorActor: Deleted 1 Actors (0.023 secs)
[2020.04.30-20.58.04:885][870]Cmd: EDIT CUT
[2020.04.30-20.58.04:891][870]LogEditorActor: Deleted Actor: StaticMeshActor
[2020.04.30-20.58.04:911][870]LogEditorActor: Deleted 1 Actors (0.022 secs)
[2020.04.30-20.58.10:073][165]Cmd: EDIT CUT
[2020.04.30-20.58.10:082][165]LogEditorActor: Deleted Actor: StaticMeshActor
[2020.04.30-20.58.10:103][165]LogEditorActor: Deleted 1 Actors (0.027 secs)
[2020.04.30-20.58.14:906][445]Cmd: EDIT CUT
[2020.04.30-20.58.14:913][445]LogEditorActor: Deleted Actor: StaticMeshActor
[2020.04.30-20.58.14:934][445]LogEditorActor: Deleted 1 Actors (0.024 secs)
[2020.04.30-20.58.19:013][686]Cmd: EDIT CUT
[2020.04.30-20.58.19:021][686]LogEditorActor: Deleted Actor: StaticMeshActor
[2020.04.30-20.58.19:044][686]LogEditorActor: Deleted 1 Actors (0.026 secs)
[2020.04.30-20.58.24:054][983]Cmd: EDIT CUT
[2020.04.30-20.58.24:061][983]LogEditorActor: Deleted Actor: StaticMeshActor
[2020.04.30-20.58.24:082][983]LogEditorActor: Deleted 1 Actors (0.024 secs)
[2020.04.30-20.58.29:421][300]Cmd: EDIT CUT
[2020.04.30-20.58.29:427][300]LogEditorActor: Deleted Actor: StaticMeshActor
[2020.04.30-20.58.29:451][300]LogEditorActor: Deleted 1 Actors (0.026 secs)
[2020.04.30-20.58.33:270][527]Cmd: EDIT CUT
[2020.04.30-20.58.33:277][527]LogEditorActor: Deleted Actor: StaticMeshActor
[2020.04.30-20.58.33:299][527]LogEditorActor: Deleted 1 Actors (0.024 secs)
[2020.04.30-20.58.38:180][818]Cmd: EDIT CUT
[2020.04.30-20.58.38:187][818]LogEditorActor: Deleted Actor: StaticMeshActor
[2020.04.30-20.58.38:211][818]LogEditorActor: Deleted 1 Actors (0.026 secs)
[2020.04.30-20.58.42:737][ 82]Cmd: EDIT CUT
[2020.04.30-20.58.42:744][ 82]LogEditorActor: Deleted Actor: StaticMeshActor
[2020.04.30-20.58.42:766][ 82]LogEditorActor: Deleted 1 Actors (0.024 secs)
[2020.04.30-20.58.46:243][286]Cmd: EDIT CUT
[2020.04.30-20.58.46:252][286]LogEditorActor: Deleted Actor: StaticMeshActor
[2020.04.30-20.58.46:274][286]LogEditorActor: Deleted 1 Actors (0.025 secs)
[2020.04.30-20.58.53:749][724]Cmd: EDIT CUT
[2020.04.30-20.58.53:756][724]LogEditorActor: Deleted Actor: StaticMeshActor
[2020.04.30-20.58.53:781][724]LogEditorActor: Deleted 1 Actors (0.026 secs)
[2020.04.30-20.58.58:003][975]Cmd: EDIT CUT
[2020.04.30-20.58.58:011][975]LogEditorActor: Deleted Actor: StaticMeshActor
[2020.04.30-20.58.58:033][975]LogEditorActor: Deleted 1 Actors (0.025 secs)
[2020.04.30-20.59.02:234][223]Cmd: EDIT CUT
[2020.04.30-20.59.02:242][223]LogEditorActor: Deleted Actor: StaticMeshActor
[2020.04.30-20.59.02:262][223]LogEditorActor: Deleted 1 Actors (0.023 secs)
[2020.04.30-20.59.07:745][541]Cmd: EDIT CUT
[2020.04.30-20.59.07:754][541]LogEditorActor: Deleted Actor: StaticMeshActor
[2020.04.30-20.59.07:775][541]LogEditorActor: Deleted 1 Actors (0.023 secs)
[2020.04.30-20.59.11:411][755]Cmd: EDIT CUT
[2020.04.30-20.59.11:418][755]LogEditorActor: Deleted Actor: StaticMeshActor
[2020.04.30-20.59.11:438][755]LogEditorActor: Deleted 1 Actors (0.022 secs)
[2020.04.30-20.59.56:268][802]LogActorFactory: Actor Factory created SM_TableRound
[2020.04.30-20.59.57:675][884]LogActorFactory: Actor Factory created SM_TableRound
[2020.04.30-21.00.02:468][987]LogSlate: FSceneViewport::OnFocusLost() reason 0
[2020.04.30-21.00.02:714][988]LogActorFactory: Actor Factory created SM_TableRound
[2020.04.30-21.00.03:544][ 36]LogActorFactory: Actor Factory created SM_TableRound
[2020.04.30-21.00.05:447][ 99]LogSlate: FSceneViewport::OnFocusLost() reason 0
[2020.04.30-21.00.05:691][100]LogActorFactory: Actor Factory created SM_TableRound
[2020.04.30-21.00.06:768][162]LogActorFactory: Actor Factory created SM_TableRound
[2020.04.30-21.00.15:503][327]LogSlate: FSceneViewport::OnFocusLost() reason 2
[2020.04.30-21.00.37:471][118]LogActorFactory: Actor Factory created SM_Statue
[2020.04.30-21.00.39:060][212]LogActorFactory: Actor Factory created SM_Statue
[2020.04.30-21.00.40:855][256]LogSlate: FSceneViewport::OnFocusLost() reason 0
[2020.04.30-21.00.41:091][257]LogActorFactory: Actor Factory created SM_Statue
[2020.04.30-21.00.42:001][310]LogActorFactory: Actor Factory created SM_Statue
[2020.04.30-21.00.43:658][340]LogSlate: FSceneViewport::OnFocusLost() reason 0
[2020.04.30-21.00.43:899][341]LogActorFactory: Actor Factory created SM_Statue
[2020.04.30-21.00.45:047][408]LogActorFactory: Actor Factory created SM_Statue
[2020.04.30-21.00.48:402][545]LogSlate: FSceneViewport::OnFocusLost() reason 0
[2020.04.30-21.00.57:687][ 52]EditorErrors: New page: Actor attachment
[2020.04.30-21.01.10:953][844]EditorErrors: New page: Actor attachment
[2020.04.30-21.01.18:275][280]EditorErrors: New page: Actor attachment
[2020.04.30-21.01.22:235][515]EditorErrors: New page: Actor attachment
[2020.04.30-21.02.05:576][ 76]LogSlate: FSceneViewport::OnFocusLost() reason 2
[2020.04.30-21.02.07:162][171]Cmd: TRANSACTION UNDO
[2020.04.30-21.02.07:162][171]LogEditorTransaction: Undo Marquee Select
[2020.04.30-21.02.07:217][171]LogSlate: Took 0.001211 seconds to synchronously load lazily loaded font '../../../Engine/Content/Slate/Fonts/Roboto-Light.ttf' (167K)
[2020.04.30-21.02.19:076][875]LogSlate: FSceneViewport::OnFocusLost() reason 0
[2020.04.30-21.02.41:003][554]LogWindows: LaunchURL http://docs.unrealengine.com/latest/INT/Engine/UI/LevelEditor/Viewports/ViewportControls/index.html
[2020.04.30-21.02.41:018][554]LogSlate: FSceneViewport::OnFocusLost() reason 0
[2020.04.30-21.02.45:398][631]LogEditorViewport: Clicking Background
[2020.04.30-21.02.49:336][812]LogWindows: LaunchURL http://docs.unrealengine.com/latest/INT/Engine/UI/LevelEditor/Viewports/ViewportControls/index.html
[2020.04.30-21.02.49:355][812]LogSlate: FSceneViewport::OnFocusLost() reason 0
[2020.04.30-21.02.59:167][965]LogEditorViewport: Clicking Background
[2020.04.30-21.03.19:139][831]LogSlate: FSceneViewport::OnFocusLost() reason 0
[2020.04.30-21.03.33:350][655]LogActorFactory: Actor Factory created Shape_Plane
[2020.04.30-21.03.35:585][787]LogActorFactory: Actor Factory created Shape_Plane
[2020.04.30-21.03.43:562][264]LogSlate: FSceneViewport::OnFocusLost() reason 2
[2020.04.30-21.03.44:635][328]Cmd: TRANSACTION UNDO
[2020.04.30-21.03.44:636][328]LogEditorTransaction: Undo Create Actors
[2020.04.30-21.03.48:629][443]LogSlate: FSceneViewport::OnFocusLost() reason 0
[2020.04.30-21.04.02:421][ 96]LogActorFactory: Actor Factory created Floor_400x400
[2020.04.30-21.04.07:804][418]LogActorFactory: Actor Factory created Floor_400x400
[2020.04.30-21.04.08:977][469]LogSlate: FSceneViewport::OnFocusLost() reason 0
[2020.04.30-21.04.09:132][473]LogActorFactory: Actor Factory created Floor_400x400
[2020.04.30-21.04.14:043][764]LogActorFactory: Actor Factory created Floor_400x400
[2020.04.30-21.04.16:526][912]LogActorFactory: Actor Factory created Floor_400x400
[2020.04.30-21.04.26:139][467]LogSlate: FSceneViewport::OnFocusLost() reason 0
[2020.04.30-21.04.26:334][473]LogActorFactory: Actor Factory created Floor_400x400
[2020.04.30-21.04.28:185][583]LogActorFactory: Actor Factory created Floor_400x400
[2020.04.30-21.04.33:665][909]LogSlate: FSceneViewport::OnFocusLost() reason 0
[2020.04.30-21.04.36:197][ 61]EditorErrors: New page: Actor attachment
[2020.04.30-21.04.49:015][829]EditorErrors: New page: Actor attachment
[2020.04.30-21.05.01:300][566]EditorErrors: New page: Actor attachment
[2020.04.30-21.06.25:478][ 42]LogSlate: FSceneViewport::OnFocusLost() reason 0
[2020.04.30-21.06.35:884][318]LogActorFactory: Actor Factory created SM_Chair
[2020.04.30-21.06.37:481][412]LogActorFactory: Actor Factory created SM_Chair
[2020.04.30-21.06.38:590][428]LogSlate: FSceneViewport::OnFocusLost() reason 0
[2020.04.30-21.06.38:845][429]LogActorFactory: Actor Factory created SM_Chair
[2020.04.30-21.06.41:198][561]LogActorFactory: Actor Factory created SM_Chair
[2020.04.30-21.06.42:323][577]LogSlate: FSceneViewport::OnFocusLost() reason 0
[2020.04.30-21.06.42:570][578]LogActorFactory: Actor Factory created SM_Chair
[2020.04.30-21.06.42:579][578]LogActorFactory: Actor Factory created SM_Chair
[2020.04.30-21.06.42:806][590]LogActorFactory: Actor Factory created SM_Chair
[2020.04.30-21.06.44:585][688]LogActorFactory: Actor Factory created SM_Chair
[2020.04.30-21.06.45:581][697]LogSlate: FSceneViewport::OnFocusLost() reason 0
[2020.04.30-21.06.45:902][714]LogActorFactory: Actor Factory created SM_Chair
[2020.04.30-21.06.47:366][793]LogActorFactory: Actor Factory created SM_Chair
[2020.04.30-21.06.48:720][823]LogSlate: FSceneViewport::OnFocusLost() reason 0
[2020.04.30-21.06.48:941][825]LogActorFactory: Actor Factory created SM_Chair
[2020.04.30-21.06.48:952][825]LogActorFactory: Actor Factory created SM_Chair
[2020.04.30-21.06.50:489][906]LogActorFactory: Actor Factory created SM_Chair
[2020.04.30-21.06.53:614][937]LogSlate: FSceneViewport::OnFocusLost() reason 0
[2020.04.30-21.06.54:708][991]EditorErrors: New page: Actor attachment
[2020.04.30-21.06.57:091][ 64]EditorErrors: New page: Actor attachment
[2020.04.30-21.06.59:791][134]EditorErrors: New page: Actor attachment
[2020.04.30-21.07.02:300][214]EditorErrors: New page: Actor attachment
[2020.04.30-21.07.04:372][278]EditorErrors: New page: Actor attachment
[2020.04.30-21.07.27:439][931]LogAssetEditorManager: Opening Asset editor for StaticMesh /Game/StarterContent/Props/SM_TableRound.SM_TableRound
[2020.04.30-21.07.29:164][931]LogSlate: Took 0.014910 seconds to synchronously load lazily loaded font '../../../Engine/Content/Slate/Fonts/Roboto-Italic.ttf' (157K)
[2020.04.30-21.07.55:039][469]LogSlate: Window 'Message' being destroyed
[2020.04.30-21.07.55:145][469]LogSlate: Window 'SM_TableRound*' being destroyed
[2020.04.30-21.07.55:147][469]LogSlate: Window 'SM_TableRound*' being destroyed
[2020.04.30-21.09.05:683][597]LogAssetEditorManager: Opening Asset editor for StaticMesh /Game/StarterContent/Props/SM_TableRound.SM_TableRound
[2020.04.30-21.09.17:629][791]LogSlate: Window 'SM_TableRound*' being destroyed
[2020.04.30-21.09.17:635][791]LogSlate: Window 'SM_TableRound*' being destroyed
[2020.04.30-21.09.20:523][949]LogEditorViewport: Clicking on Actor (context menu): StaticMeshActor (SM_TableRound)
[2020.04.30-21.09.20:685][949]LogSlate: FSceneViewport::OnFocusLost() reason 2
[2020.04.30-21.10.08:971][650]LogSavePackage: Moving '../../../../../../Users/Admin/Desktop/programowanie zadanie 1/BPJuliaKonarczak/Saved/Minimal_Default_Auto173B8E9FC4E4733C1CBF902874478A890.tmp' to '../../../../../../Users/Admin/Desktop/programowanie zadanie 1/BPJuliaKonarczak/Saved/Autosaves/Game/StarterContent/Maps/Minimal_Default_Auto1.umap'
[2020.04.30-21.10.08:987][650]LogFileHelpers: Editor autosave (incl. sublevels) for '/Game/StarterContent/Maps/Minimal_Default' took 0.331
[2020.04.30-21.10.08:987][650]LogFileHelpers: Editor autosave (incl. sublevels) for all levels took 0.331
[2020.04.30-21.10.08:991][650]OBJ SavePackage: Generating thumbnails for [1] asset(s) in package [/Game/StarterContent/Props/SM_TableRound] ([1] browsable assets)...
[2020.04.30-21.10.09:061][650]OBJ SavePackage:     Rendered thumbnail for [StaticMesh /Game/StarterContent/Props/SM_TableRound.SM_TableRound]
[2020.04.30-21.10.09:061][650]OBJ SavePackage: Finished generating thumbnails for package [/Game/StarterContent/Props/SM_TableRound]
[2020.04.30-21.10.09:095][650]LogSavePackage: Moving '../../../../../../Users/Admin/Desktop/programowanie zadanie 1/BPJuliaKonarczak/Saved/SM_TableRound_Auto1BF8FCC7F496CC56FF15A9CB01A39D567.tmp' to '../../../../../../Users/Admin/Desktop/programowanie zadanie 1/BPJuliaKonarczak/Saved/Autosaves/Game/StarterContent/Props/SM_TableRound_Auto1.uasset'
[2020.04.30-21.10.09:107][650]LogFileHelpers: Auto-saving content packages took 0.119
[2020.04.30-21.10.12:548][833]LogSlate: FSceneViewport::OnFocusLost() reason 2
[2020.04.30-21.10.42:616][536]LogEditorViewport: Clicking on Actor (LMB): StaticMeshActor (SM_Statue)
[2020.04.30-21.10.46:592][757]LogEditorViewport: Clicking on Actor (context menu): StaticMeshActor (SM_Statue)
[2020.04.30-21.10.46:634][757]LogSlate: FSceneViewport::OnFocusLost() reason 2
[2020.04.30-21.13.27:656][150]LogEditorViewport: Clicking Background
[2020.04.30-21.13.31:325][356]LogEditorViewport: Clicking on Actor (LMB): StaticMeshActor (SM_TableRound)
[2020.04.30-21.13.39:169][785]LogSlate: FSceneViewport::OnFocusLost() reason 2
[2020.04.30-21.13.41:137][903]Cmd: TRANSACTION UNDO
[2020.04.30-21.13.41:137][903]LogEditorTransaction: Undo Scale Actors
[2020.04.30-21.13.46:147][170]LogSlate: FSceneViewport::OnFocusLost() reason 0
[2020.04.30-21.13.49:553][372]LogAssetEditorManager: Opening Asset editor for StaticMesh /Game/StarterContent/Props/SM_TableRound.SM_TableRound
[2020.04.30-21.15.04:651][214]LogSlate: Window 'Message' being destroyed
[2020.04.30-21.15.04:719][214]LogSlate: Window 'SM_TableRound*' being destroyed
[2020.04.30-21.15.04:721][214]LogSlate: Window 'SM_TableRound*' being destroyed
[2020.04.30-21.15.20:087][ 38]LogSlate: FSceneViewport::OnFocusLost() reason 2
[2020.04.30-21.15.21:425][118]Cmd: TRANSACTION UNDO
[2020.04.30-21.15.21:425][118]LogEditorTransaction: Undo Scale Actors
[2020.04.30-21.15.26:162][365]LogEditorViewport: Clicking on Actor (context menu): StaticMeshActor (SM_TableRound)
[2020.04.30-21.15.26:203][365]LogSlate: FSceneViewport::OnFocusLost() reason 2
[2020.04.30-21.16.05:999][726]LogEditorViewport: Clicking Background
[2020.04.30-21.16.07:327][791]LogEditorViewport: Clicking on Actor (LMB): StaticMeshActor (SM_Statue)
[2020.04.30-21.16.08:721][862]LogEditorViewport: Clicking on Actor (LMB): StaticMeshActor (SM_TableRound)
[2020.04.30-21.16.12:910][ 89]LogEditorViewport: Clicking on Actor (context menu): StaticMeshActor (SM_TableRound)
[2020.04.30-21.16.12:953][ 89]LogSlate: FSceneViewport::OnFocusLost() reason 2
[2020.04.30-21.16.17:451][353]LogEditorViewport: Clicking on Actor (LMB): StaticMeshActor (SM_TableRound)
[2020.04.30-21.16.19:825][470]LogSlate: FSceneViewport::OnFocusLost() reason 2
[2020.04.30-21.16.27:175][903]LogEditorViewport: Clicking on Actor (LMB): StaticMeshActor (SM_TableRound)
[2020.04.30-21.17.26:181][663]LogEditorViewport: Clicking Background
[2020.04.30-21.17.36:966][893]LogSlate: FSceneViewport::OnFocusLost() reason 2
[2020.04.30-21.17.38:686][996]LogEditorViewport: Clicking Background
[2020.04.30-21.17.39:501][ 36]LogSlate: FSceneViewport::OnFocusLost() reason 2
[2020.04.30-21.17.44:088][309]LogEditorViewport: Clicking Background
[2020.04.30-21.17.44:856][344]LogSlate: FSceneViewport::OnFocusLost() reason 2
[2020.04.30-21.18.19:174][370]LogEditorViewport: Clicking Background
[2020.04.30-21.18.23:741][617]LogEditorViewport: Clicking Background
[2020.04.30-21.18.33:230][138]LogSlate: FSceneViewport::OnFocusLost() reason 0
[2020.04.30-21.19.27:842][857]LogSlate: FSceneViewport::OnFocusLost() reason 0
[2020.04.30-21.19.29:333][935]LogSlate: FSceneViewport::OnFocusLost() reason 0
[2020.04.30-21.19.33:023][144]LogSlate: FSceneViewport::OnFocusLost() reason 0
[2020.04.30-21.19.34:374][212]LogSlate: FSceneViewport::OnFocusLost() reason 0
[2020.04.30-21.19.35:811][285]LogSlate: FSceneViewport::OnFocusLost() reason 2
[2020.04.30-21.19.35:945][291]LogEditorViewport: Clicking Background
[2020.04.30-21.19.36:931][349]LogEditorViewport: Clicking Background
[2020.04.30-21.19.36:992][351]LogEditorViewport: Clicking Background
[2020.04.30-21.19.37:893][405]LogEditorViewport: Clicking Background
[2020.04.30-21.19.37:965][408]LogEditorViewport: Clicking Background
[2020.04.30-21.19.38:665][450]LogEditorViewport: Clicking Background
[2020.04.30-21.19.38:721][452]LogEditorViewport: Clicking Background
[2020.04.30-21.19.39:939][525]LogSlate: FSceneViewport::OnFocusLost() reason 0
[2020.04.30-21.19.53:835][868]LogSlate: FSceneViewport::OnFocusLost() reason 0
[2020.04.30-21.20.27:291][861]Cmd: MODE SCALEGRID=0
[2020.04.30-21.20.53:090][398]Cmd: MODE GRID=0
[2020.04.30-21.20.54:284][469]Cmd: MODE GRID=1
[2020.04.30-21.21.22:718][127]LogSavePackage: Moving '../../../../../../Users/Admin/Desktop/programowanie zadanie 1/BPJuliaKonarczak/Saved/Minimal_Default_Auto2A44B4EA04849A05C0065689A28443A0B.tmp' to '../../../../../../Users/Admin/Desktop/programowanie zadanie 1/BPJuliaKonarczak/Saved/Autosaves/Game/StarterContent/Maps/Minimal_Default_Auto2.umap'
[2020.04.30-21.21.22:725][127]LogFileHelpers: Editor autosave (incl. sublevels) for '/Game/StarterContent/Maps/Minimal_Default' took 0.269
[2020.04.30-21.21.22:726][127]LogFileHelpers: Editor autosave (incl. sublevels) for all levels took 0.269
[2020.04.30-21.21.22:731][127]OBJ SavePackage: Generating thumbnails for [1] asset(s) in package [/Game/StarterContent/Props/SM_TableRound] ([1] browsable assets)...
[2020.04.30-21.21.22:791][127]OBJ SavePackage:     Rendered thumbnail for [StaticMesh /Game/StarterContent/Props/SM_TableRound.SM_TableRound]
[2020.04.30-21.21.22:791][127]OBJ SavePackage: Finished generating thumbnails for package [/Game/StarterContent/Props/SM_TableRound]
[2020.04.30-21.21.22:818][127]LogSavePackage: Moving '../../../../../../Users/Admin/Desktop/programowanie zadanie 1/BPJuliaKonarczak/Saved/SM_TableRound_Auto23CAD8E0C475269EE506539953293DD40.tmp' to '../../../../../../Users/Admin/Desktop/programowanie zadanie 1/BPJuliaKonarczak/Saved/Autosaves/Game/StarterContent/Props/SM_TableRound_Auto2.uasset'
[2020.04.30-21.21.22:823][127]LogFileHelpers: Auto-saving content packages took 0.094
[2020.04.30-21.21.31:027][226]LogActorFactory: Actor Factory created SM_Chair
[2020.04.30-21.21.31:039][226]LogActorFactory: Actor Factory created SM_Chair
[2020.04.30-21.21.32:295][294]LogActorFactory: Actor Factory created SM_Chair
[2020.04.30-21.21.33:606][309]LogSlate: FSceneViewport::OnFocusLost() reason 0
[2020.04.30-21.21.33:830][310]LogActorFactory: Actor Factory created SM_Chair
[2020.04.30-21.21.34:866][365]LogActorFactory: Actor Factory created SM_Chair
[2020.04.30-21.21.36:410][402]LogSlate: FSceneViewport::OnFocusLost() reason 0
[2020.04.30-21.21.36:645][403]LogActorFactory: Actor Factory created SM_Chair
[2020.04.30-21.21.38:567][505]LogActorFactory: Actor Factory created SM_Chair
[2020.04.30-21.21.40:776][557]LogSlate: FSceneViewport::OnFocusLost() reason 0
[2020.04.30-21.21.41:229][560]LogActorFactory: Actor Factory created SM_Chair
[2020.04.30-21.21.41:241][560]LogActorFactory: Actor Factory created SM_Chair
[2020.04.30-21.21.42:475][624]LogActorFactory: Actor Factory created SM_Chair
[2020.04.30-21.21.46:872][658]LogSlate: FSceneViewport::OnFocusLost() reason 2
[2020.04.30-21.21.50:657][850]LogEditorViewport: Clicking on Actor (LMB): StaticMeshActor (SM_Chair3)
[2020.04.30-21.22.00:519][396]LogEditorViewport: Clicking on Actor (LMB): StaticMeshActor (SM_Chair4)
[2020.04.30-21.22.07:648][797]LogEditorViewport: Clicking on Actor (LMB): StaticMeshActor (SM_Chair5)
[2020.04.30-21.22.13:399][114]LogEditorViewport: Clicking on Actor (LMB): StaticMeshActor (SM_Chair2)
[2020.04.30-21.22.17:388][332]LogEditorViewport: Clicking on Actor (LMB): StaticMeshActor (SM_Chair)
[2020.04.30-21.22.24:433][718]LogEditorViewport: Clicking on Actor (LMB): StaticMeshActor (SM_Chair7)
[2020.04.30-21.22.30:559][ 57]LogEditorViewport: Clicking on Actor (LMB): StaticMeshActor (SM_Chair8)
[2020.04.30-21.22.34:253][260]LogSlate: FSceneViewport::OnFocusLost() reason 0
[2020.04.30-21.22.37:826][461]LogEditorViewport: Clicking on Actor (LMB): StaticMeshActor (SM_Chair6)
[2020.04.30-21.22.45:913][914]LogEditorViewport: Clicking on Actor (LMB): StaticMeshActor (SM_Chair9)
[2020.04.30-21.22.52:096][256]LogEditorViewport: Clicking on Actor (LMB): StaticMeshActor (SM_Chair4)
[2020.04.30-21.22.53:287][323]LogSlate: FSceneViewport::OnFocusLost() reason 0
[2020.04.30-21.22.59:849][699]LogSlate: FSceneViewport::OnFocusLost() reason 0
[2020.04.30-21.22.59:985][707]Cmd: MODE GRID=0
[2020.04.30-21.23.04:267][953]LogEditorViewport: Clicking on Actor (LMB): StaticMeshActor (SM_Chair3)
[2020.04.30-21.23.08:894][213]LogEditorViewport: Clicking on Actor (LMB): StaticMeshActor (SM_Chair5)
[2020.04.30-21.23.13:048][436]LogEditorViewport: Clicking on Actor (LMB): StaticMeshActor (SM_Chair)
[2020.04.30-21.23.14:124][496]LogEditorViewport: Clicking on Actor (LMB): StaticMeshActor (SM_Chair2)
[2020.04.30-21.23.33:278][704]LogSlate: FSceneViewport::OnFocusLost() reason 2
[2020.04.30-21.23.42:613][905]LogEditorViewport: Clicking on Actor (LMB): StaticMeshActor (Floor_400x402)
[2020.04.30-21.23.45:212][ 56]LogSlate: FSceneViewport::OnFocusLost() reason 0
[2020.04.30-21.23.45:346][ 64]Cmd: MODE GRID=1
[2020.04.30-21.23.55:652][645]LogSlate: FSceneViewport::OnFocusLost() reason 2
[2020.04.30-21.23.56:836][715]Cmd: TRANSACTION UNDO
[2020.04.30-21.23.56:836][715]LogEditorTransaction: Undo Move Actors
[2020.04.30-21.23.58:391][806]LogSlate: FSceneViewport::OnFocusLost() reason 2
[2020.04.30-21.23.59:538][875]Cmd: TRANSACTION UNDO
[2020.04.30-21.23.59:538][875]LogEditorTransaction: Undo Move Actors
[2020.04.30-21.24.04:615][177]LogEditorViewport: Clicking on Actor (LMB): StaticMeshActor (SM_Statue)
[2020.04.30-21.24.06:484][282]LogEditorViewport: Clicking on Actor (LMB): StaticMeshActor (SM_TableRound)
[2020.04.30-21.24.16:105][827]LogEditorViewport: Clicking Background
[2020.04.30-21.24.16:920][872]LogEditorViewport: Clicking Background
[2020.04.30-21.24.17:601][911]LogEditorViewport: Clicking Background
[2020.04.30-21.24.18:203][945]LogEditorViewport: Clicking Background
[2020.04.30-21.24.18:418][956]LogEditorViewport: Clicking Background
[2020.04.30-21.24.19:851][ 41]LogEditorViewport: Clicking Background
[2020.04.30-21.24.19:929][ 43]LogEditorViewport: Clicking Background
[2020.04.30-21.24.21:568][141]LogEditorViewport: Clicking Background
[2020.04.30-21.24.21:628][142]LogEditorViewport: Clicking Background
[2020.04.30-21.24.22:347][185]LogEditorViewport: Clicking Background
[2020.04.30-21.24.22:412][187]LogEditorViewport: Clicking Background
[2020.04.30-21.24.23:400][245]LogEditorViewport: Clicking Background
[2020.04.30-21.24.23:466][247]LogEditorViewport: Clicking Background
[2020.04.30-21.24.23:782][266]LogEditorViewport: Clicking Background
[2020.04.30-21.24.26:337][415]LogSlate: FSceneViewport::OnFocusLost() reason 0
[2020.04.30-21.24.37:192][ 51]LogSlate: FSceneViewport::OnFocusLost() reason 0
[2020.04.30-21.24.37:325][ 59]Cmd: MODE GRID=0
[2020.04.30-21.24.50:868][851]LogSlate: FSceneViewport::OnFocusLost() reason 0
[2020.04.30-21.25.02:206][501]LogSlate: FSceneViewport::OnFocusLost() reason 0
[2020.04.30-21.25.02:339][509]Cmd: MODE GRID=1
[2020.04.30-21.25.07:155][787]LogSlate: FSceneViewport::OnFocusLost() reason 0
[2020.04.30-21.25.15:280][237]LogSlate: FSceneViewport::OnFocusLost() reason 0
[2020.04.30-21.25.15:404][244]Cmd: MODE GRID=0
[2020.04.30-21.25.19:834][500]LogEditorViewport: Clicking on Actor (LMB): StaticMeshActor (Floor_400x402)
[2020.04.30-21.25.21:503][595]LogEditorViewport: Clicking Background
[2020.04.30-21.25.30:766][103]LogEditorViewport: Clicking on Actor (LMB): SkyLight (SkyLight)
[2020.04.30-21.25.37:266][487]LogSlate: FSceneViewport::OnFocusLost() reason 0
[2020.04.30-21.25.40:968][689]LogNavigationPoint: PostEditMove Clear paths rebuilt
[2020.04.30-21.25.41:880][733]LogEditorViewport: Clicking Background
[2020.04.30-21.25.44:302][869]LogEditorViewport: Clicking Background
[2020.04.30-21.25.50:410][188]LogSlate: FSceneViewport::OnFocusLost() reason 2
[2020.04.30-21.25.59:432][723]LogEditorViewport: Clicking Background
[2020.04.30-21.26.02:167][874]LogEditorViewport: Clicking Background
[2020.04.30-21.26.14:849][233]LogEditorViewport: Clicking on Actor (LMB): StaticMeshActor (SM_Chair4)
[2020.04.30-21.26.17:442][384]LogEditorViewport: Clicking on Actor (LMB): StaticMeshActor (SM_Statue)
[2020.04.30-21.26.18:915][464]LogEditorViewport: Clicking on Actor (LMB): StaticMeshActor (SM_TableRound)
[2020.04.30-21.26.40:505][750]LogSlate: FSceneViewport::OnFocusLost() reason 0
[2020.04.30-21.26.46:344][ 94]LogEditorViewport: Clicking on Actor (LMB): StaticMeshActor (Floor_400x402)
[2020.04.30-21.26.58:670][810]LogEditorViewport: Clicking on Actor (LMB): StaticMeshActor (SM_Statue)
[2020.04.30-21.27.03:073][ 51]LogEditorViewport: Clicking on Actor (LMB): StaticMeshActor (SM_TableRound)
[2020.04.30-21.27.07:463][298]LogEditorViewport: Clicking on Actor (LMB): SkyLight (SkyLight)
[2020.04.30-21.27.08:992][386]LogEditorViewport: Clicking on Actor (LMB): StaticMeshActor (SM_Statue)
[2020.04.30-21.27.10:031][443]LogEditorViewport: Clicking on Actor (LMB): StaticMeshActor (SM_TableRound)
[2020.04.30-21.27.25:676][353]LogEditorViewport: Clicking Background
[2020.04.30-21.27.27:068][430]LogEditorViewport: Clicking Background
[2020.04.30-21.27.28:222][497]LogEditorViewport: Clicking on Actor (LMB): StaticMeshActor (SM_Statue2)
[2020.04.30-21.27.29:509][567]LogEditorViewport: Clicking on Actor (LMB): StaticMeshActor (SM_TableRound2)
[2020.04.30-21.27.48:732][213]LogSlate: FSceneViewport::OnFocusLost() reason 2
[2020.04.30-21.29.38:671][ 40]LogSlate: FSceneViewport::OnFocusLost() reason 0
[2020.04.30-21.29.38:805][ 48]Cmd: MODE GRID=1
[2020.04.30-21.30.19:124][385]LogEditorViewport: Clicking Background
[2020.04.30-21.30.22:919][607]LogEditorViewport: Clicking on Actor (LMB): StaticMeshActor (Floor_400x402)
[2020.04.30-21.30.28:364][923]LogSlate: FSceneViewport::OnFocusLost() reason 0
[2020.04.30-21.30.29:718][  2]Cmd: MODE SCALEGRID=1
[2020.04.30-21.30.37:571][462]LogSlate: FSceneViewport::OnFocusLost() reason 0
[2020.04.30-21.30.50:745][235]LogSlate: FSceneViewport::OnFocusLost() reason 0
[2020.04.30-21.31.16:895][611]LogSlate: FSceneViewport::OnFocusLost() reason 2
[2020.04.30-21.31.21:328][816]LogEditorViewport: Clicking on Actor (LMB): StaticMeshActor (SM_TableRound2)
[2020.04.30-21.31.26:195][ 97]LogSlate: FSceneViewport::OnFocusLost() reason 0
[2020.04.30-21.32.01:584][836]LogSavePackage: Moving '../../../../../../Users/Admin/Desktop/programowanie zadanie 1/BPJuliaKonarczak/Saved/Minimal_Default_Auto3771FCE404B7E68318DF3A6ACB4AE437F.tmp' to '../../../../../../Users/Admin/Desktop/programowanie zadanie 1/BPJuliaKonarczak/Saved/Autosaves/Game/StarterContent/Maps/Minimal_Default_Auto3.umap'
[2020.04.30-21.32.01:592][836]LogFileHelpers: Editor autosave (incl. sublevels) for '/Game/StarterContent/Maps/Minimal_Default' took 0.301
[2020.04.30-21.32.01:592][836]LogFileHelpers: Editor autosave (incl. sublevels) for all levels took 0.301
[2020.04.30-21.34.08:023][503]LogEditorViewport: Clicking on Actor (LMB): StaticMeshActor (SM_TableRound)
[2020.04.30-21.34.09:290][572]LogEditorViewport: Clicking on Actor (context menu): StaticMeshActor (SM_TableRound)
[2020.04.30-21.34.09:360][572]LogSlate: FSceneViewport::OnFocusLost() reason 2
[2020.04.30-21.34.43:633][604]EditorErrors: New page: Actor attachment
[2020.04.30-21.34.55:911][330]EditorErrors: New page: Actor attachment
[2020.04.30-21.35.00:574][602]EditorErrors: New page: Actor attachment
[2020.04.30-21.35.04:398][826]EditorErrors: New page: Actor attachment
[2020.04.30-21.35.16:617][ 39]LogEditorViewport: Clicking Background
[2020.04.30-21.35.20:226][233]LogEditorViewport: Clicking on Actor (LMB): StaticMeshActor (SM_TableRound)
[2020.04.30-21.35.29:501][777]LogSlate: FSceneViewport::OnFocusLost() reason 2
[2020.04.30-21.35.36:573][184]LogSlate: FSceneViewport::OnFocusLost() reason 2
[2020.04.30-21.36.07:333][941]LogSlate: FSceneViewport::OnFocusLost() reason 0
[2020.04.30-21.39.10:121][842]LogEditorViewport: Clicking on Actor (context menu): StaticMeshActor (SM_TableRound)
[2020.04.30-21.39.10:181][842]LogSlate: FSceneViewport::OnFocusLost() reason 2
[2020.04.30-21.40.19:595][768]LogEditorViewport: Clicking on Actor (context menu): StaticMeshActor (SM_TableRound)
[2020.04.30-21.40.19:661][768]LogSlate: FSceneViewport::OnFocusLost() reason 2
[2020.04.30-21.40.25:911][133]LogEditorViewport: Clicking Background
[2020.04.30-21.40.28:485][282]LogSlate: FSceneViewport::OnFocusLost() reason 2
[2020.04.30-21.40.43:587][156]LogEditorViewport: Clicking on Actor (LMB): StaticMeshActor (SM_TableRound)
[2020.04.30-21.40.44:569][157]LogEditorViewport: Clicking on Actor (LMB): StaticMeshActor (SM_TableRound)
[2020.04.30-21.40.44:662][157]LogEditorViewport: Clicking on Component (LMB): StaticMeshComponent (StaticMeshComponent0)
[2020.04.30-21.40.44:921][161]LogEditorViewport: Clicking on Component (LMB): StaticMeshComponent (StaticMeshComponent0)
[2020.04.30-21.40.55:614][424]LogSlate: FSceneViewport::OnFocusLost() reason 0
[2020.04.30-21.41.23:282][ 76]LogSlate: FSceneViewport::OnFocusLost() reason 2
[2020.04.30-21.42.02:125][341]LogSavePackage: Moving '../../../../../../Users/Admin/Desktop/programowanie zadanie 1/BPJuliaKonarczak/Saved/Minimal_Default_Auto4EB5BF676453FB1F9A91E57914BBFAF50.tmp' to '../../../../../../Users/Admin/Desktop/programowanie zadanie 1/BPJuliaKonarczak/Saved/Autosaves/Game/StarterContent/Maps/Minimal_Default_Auto4.umap'
[2020.04.30-21.42.02:132][341]LogFileHelpers: Editor autosave (incl. sublevels) for '/Game/StarterContent/Maps/Minimal_Default' took 0.176
[2020.04.30-21.42.02:132][341]LogFileHelpers: Editor autosave (incl. sublevels) for all levels took 0.176
[2020.04.30-21.43.04:672][624]LogSlate: FSceneViewport::OnFocusLost() reason 0
[2020.04.30-21.43.15:020][877]LogEditorViewport: Clicking Background
[2020.04.30-21.43.16:015][934]LogEditorViewport: Clicking on Actor (LMB): StaticMeshActor (SM_TableRound3)
[2020.04.30-21.44.24:118][709]LogEditorViewport: Clicking on Actor (LMB): StaticMeshActor (Floor_400x401)
[2020.04.30-21.44.26:734][780]LogSlate: FSceneViewport::OnFocusLost() reason 0
[2020.04.30-21.44.52:473][468]LogEditorViewport: Clicking on Actor (LMB): StaticMeshActor (SM_TableRound2)
[2020.04.30-21.44.56:368][642]LogSlate: FSceneViewport::OnFocusLost() reason 0
[2020.04.30-21.45.17:790][408]LogEditorViewport: Clicking on Actor (LMB): StaticMeshActor (SM_TableRound2)
[2020.04.30-21.45.18:844][467]LogEditorViewport: Clicking Background
[2020.04.30-21.45.19:729][514]LogEditorViewport: Clicking Background
[2020.04.30-21.45.21:508][620]LogSlate: FSceneViewport::OnFocusLost() reason 2
[2020.04.30-21.45.22:581][684]Cmd: TRANSACTION UNDO
[2020.04.30-21.45.22:581][684]LogEditorTransaction: Undo Clicking Background
[2020.04.30-21.45.23:925][762]LogSlate: FSceneViewport::OnFocusLost() reason 2
[2020.04.30-21.45.26:738][930]LogEditorViewport: Clicking on Actor (LMB): StaticMeshActor (SM_Chair8)
[2020.04.30-21.45.27:354][956]LogEditorViewport: Clicking on Actor (LMB): StaticMeshActor (SM_Chair8)
[2020.04.30-21.45.28:535][ 18]LogEditorViewport: Clicking on Actor (LMB): StaticMeshActor (SM_Statue2)
[2020.04.30-21.45.30:404][114]LogEditorViewport: Clicking on Actor (LMB): StaticMeshActor (SM_TableRound2)
[2020.04.30-21.45.38:220][569]LogEditorViewport: Clicking Background
[2020.04.30-21.45.39:046][614]LogEditorViewport: Clicking Background
[2020.04.30-21.45.39:552][643]LogEditorViewport: Clicking Background
[2020.04.30-21.45.39:612][645]LogEditorViewport: Clicking Background
[2020.04.30-21.45.40:311][687]LogEditorViewport: Clicking Background
[2020.04.30-21.45.40:364][688]LogEditorViewport: Clicking Background
[2020.04.30-21.45.41:029][728]LogEditorViewport: Clicking Background
[2020.04.30-21.45.41:089][730]LogEditorViewport: Clicking Background
[2020.04.30-21.45.41:405][749]LogEditorViewport: Clicking Background
[2020.04.30-21.45.41:644][762]LogEditorViewport: Clicking Background
[2020.04.30-21.45.41:962][781]LogEditorViewport: Clicking Background
[2020.04.30-21.45.42:168][792]LogEditorViewport: Clicking Background
[2020.04.30-21.45.42:502][812]LogEditorViewport: Clicking Background
[2020.04.30-21.45.43:825][890]LogEditorViewport: Clicking Background
[2020.04.30-21.45.43:889][892]LogEditorViewport: Clicking Background
[2020.04.30-21.45.44:255][914]LogEditorViewport: Clicking Background
[2020.04.30-21.45.45:634][995]LogSlate: FSceneViewport::OnFocusLost() reason 0
[2020.04.30-21.46.43:270][210]LogEditorViewport: Clicking Background
[2020.04.30-21.46.45:053][314]LogEditorViewport: Clicking on Actor (LMB): StaticMeshActor (SM_TableRound2)
[2020.04.30-21.46.48:499][507]LogSlate: FSceneViewport::OnFocusLost() reason 0
[2020.04.30-21.47.00:310][198]EditorErrors: New page: Actor attachment
[2020.04.30-21.47.19:520][337]EditorErrors: New page: Actor attachment
[2020.04.30-21.47.50:443][773]LogEditorViewport: Clicking on Actor (LMB): StaticMeshActor (SM_Chair7)
[2020.04.30-21.47.53:633][912]LogSlate: FSceneViewport::OnFocusLost() reason 0
[2020.04.30-21.48.19:603][448]LogEditorViewport: Clicking on Actor (LMB): StaticMeshActor (SM_Chair6)
[2020.04.30-21.48.21:908][518]LogSlate: FSceneViewport::OnFocusLost() reason 0
[2020.04.30-21.48.37:145][855]LogEditorViewport: Clicking Background
[2020.04.30-21.48.37:967][902]LogEditorViewport: Clicking Background
[2020.04.30-21.48.38:813][952]LogEditorViewport: Clicking Background
[2020.04.30-21.48.38:870][954]LogEditorViewport: Clicking Background
[2020.04.30-21.48.39:804][ 10]LogEditorViewport: Clicking Background
[2020.04.30-21.48.39:864][ 12]LogEditorViewport: Clicking Background
[2020.04.30-21.48.41:877][132]LogSlate: FSceneViewport::OnFocusLost() reason 0
[2020.04.30-21.49.23:114][765]LogEditorViewport: Clicking Background
[2020.04.30-21.49.23:904][809]LogEditorViewport: Clicking Background
[2020.04.30-21.49.24:574][848]LogEditorViewport: Clicking Background
[2020.04.30-21.49.24:633][850]LogEditorViewport: Clicking Background
[2020.04.30-21.49.25:770][918]LogSlate: FSceneViewport::OnFocusLost() reason 0
[2020.04.30-21.49.26:806][979]LogEditorViewport: Clicking on Actor (LMB): StaticMeshActor (Floor_400x401)
[2020.04.30-21.49.37:074][556]LogSlate: FSceneViewport::OnFocusLost() reason 0
[2020.04.30-21.49.46:381][ 94]LogSlate: FSceneViewport::OnFocusLost() reason 0
[2020.04.30-21.49.49:112][253]Cmd: MODE GRID=0
[2020.04.30-21.49.56:453][678]LogEditorViewport: Clicking on Actor (LMB): StaticMeshActor (SM_TableRound2)
[2020.04.30-21.49.57:938][757]LogSlate: FSceneViewport::OnFocusLost() reason 0
[2020.04.30-21.50.11:842][ 65]LogSlate: FSceneViewport::OnFocusLost() reason 2
[2020.04.30-21.50.18:175][408]LogEditorViewport: Clicking Background
[2020.04.30-21.50.19:487][483]LogEditorViewport: Clicking Background
[2020.04.30-21.50.21:034][574]LogSlate: FSceneViewport::OnFocusLost() reason 0
[2020.04.30-21.50.48:182][307]LogEditorViewport: Clicking on Actor (LMB): StaticMeshActor (SM_Statue3)
[2020.04.30-21.50.52:916][559]LogEditorViewport: Clicking Background
[2020.04.30-21.50.54:550][654]LogEditorViewport: Clicking Background
[2020.04.30-21.50.54:827][669]LogEditorViewport: Clicking Background
[2020.04.30-21.51.06:693][338]LogEditorViewport: Clicking Background
[2020.04.30-21.51.06:766][340]LogEditorViewport: Clicking Background
[2020.04.30-21.51.18:153][999]LogEditorViewport: Clicking Background
[2020.04.30-21.51.22:539][239]LogEditorViewport: Clicking Background
[2020.04.30-21.51.22:713][247]LogEditorViewport: Clicking Background
[2020.04.30-21.51.24:662][356]LogEditorViewport: Clicking Background
[2020.04.30-21.51.25:451][401]LogEditorViewport: Clicking Background
[2020.04.30-21.51.27:101][493]LogEditorViewport: Clicking Background
[2020.04.30-21.51.29:949][659]LogSlate: FSceneViewport::OnFocusLost() reason 2
[2020.04.30-21.52.02:836][982]LogSavePackage: Moving '../../../../../../Users/Admin/Desktop/programowanie zadanie 1/BPJuliaKonarczak/Saved/Minimal_Default_Auto596CB87554AFF64A0E538A69FEC07FBBB.tmp' to '../../../../../../Users/Admin/Desktop/programowanie zadanie 1/BPJuliaKonarczak/Saved/Autosaves/Game/StarterContent/Maps/Minimal_Default_Auto5.umap'
[2020.04.30-21.52.02:843][982]LogFileHelpers: Editor autosave (incl. sublevels) for '/Game/StarterContent/Maps/Minimal_Default' took 0.174
[2020.04.30-21.52.02:843][982]LogFileHelpers: Editor autosave (incl. sublevels) for all levels took 0.174
[2020.04.30-21.54.14:988][806]LogSlate: FSceneViewport::OnFocusLost() reason 0
[2020.04.30-21.54.25:913][456]LogEditorViewport: Clicking Background
[2020.04.30-21.54.26:679][499]LogEditorViewport: Clicking Background
[2020.04.30-21.54.26:739][501]LogEditorViewport: Clicking Background
[2020.04.30-21.54.27:724][560]LogEditorViewport: Clicking Background
[2020.04.30-21.54.27:789][562]LogEditorViewport: Clicking Background
[2020.04.30-21.54.29:515][665]LogSlate: FSceneViewport::OnFocusLost() reason 0
[2020.04.30-21.55.00:128][367]LogSlate: FSceneViewport::OnFocusLost() reason 0
[2020.04.30-22.05.09:336][ 63]LogSlate: FSceneViewport::OnFocusLost() reason 2
[2020.04.30-22.05.11:388][170]LogSavePackage: Moving '../../../../../../Users/Admin/Desktop/programowanie zadanie 1/BPJuliaKonarczak/Saved/Minimal_Default6340C6154628485ABDA5CC8B9C55F4B7.tmp' to '../../../../../../Users/Admin/Desktop/programowanie zadanie 1/BPJuliaKonarczak/Content/StarterContent/Maps/Minimal_Default.umap'
[2020.04.30-22.05.11:576][170]LogSavePackage: Moving '../../../../../../Users/Admin/Desktop/programowanie zadanie 1/BPJuliaKonarczak/Saved/Minimal_Default_BuiltData953E6BF34DFD3317B14AC89983314AB3.tmp' to '../../../../../../Users/Admin/Desktop/programowanie zadanie 1/BPJuliaKonarczak/Content/StarterContent/Maps/Minimal_Default_BuiltData.uasset'
